<?xml version="1.0" encoding="UTF-8"?>
<testsuite xmlns:xsi="http://www.w3.org/2001/XMLSchema-instance" xsi:noNamespaceSchemaLocation="https://maven.apache.org/surefire/maven-surefire-plugin/xsd/surefire-test-report-3.0.xsd" version="3.0" name="TestSuite" time="147.585" tests="4" errors="0" skipped="0" failures="1">
  <properties>
    <property name="sun.desktop" value="windows"/>
    <property name="awt.toolkit" value="sun.awt.windows.WToolkit"/>
    <property name="file.encoding.pkg" value="sun.io"/>
    <property name="java.specification.version" value="1.8"/>
    <property name="webdriver.chrome.driver" value="C:\Users\anujakho\Desktop\Gore Automation\GoreB2BAutomation/Drivers/chromedriver.exe"/>
    <property name="sun.cpu.isalist" value="amd64"/>
    <property name="sun.jnu.encoding" value="Cp1252"/>
    <property name="java.class.path" value="C:\Users\anujakho\Desktop\Gore Automation\GoreB2BAutomation\target\test-classes;C:\Users\anujakho\Desktop\Gore Automation\GoreB2BAutomation\target\classes;C:\Users\anujakho\.m2\repository\org\seleniumhq\selenium\selenium-java\3.141.59\selenium-java-3.141.59.jar;C:\Users\anujakho\.m2\repository\org\seleniumhq\selenium\selenium-edge-driver\3.141.59\selenium-edge-driver-3.141.59.jar;C:\Users\anujakho\.m2\repository\org\seleniumhq\selenium\selenium-opera-driver\3.141.59\selenium-opera-driver-3.141.59.jar;C:\Users\anujakho\.m2\repository\org\seleniumhq\selenium\selenium-safari-driver\3.141.59\selenium-safari-driver-3.141.59.jar;C:\Users\anujakho\.m2\repository\net\bytebuddy\byte-buddy\1.8.15\byte-buddy-1.8.15.jar;C:\Users\anujakho\.m2\repository\org\apache\commons\commons-exec\1.3\commons-exec-1.3.jar;C:\Users\anujakho\.m2\repository\com\google\guava\guava\25.0-jre\guava-25.0-jre.jar;C:\Users\anujakho\.m2\repository\com\google\code\findbugs\jsr305\1.3.9\jsr305-1.3.9.jar;C:\Users\anujakho\.m2\repository\org\checkerframework\checker-compat-qual\2.0.0\checker-compat-qual-2.0.0.jar;C:\Users\anujakho\.m2\repository\com\google\errorprone\error_prone_annotations\2.1.3\error_prone_annotations-2.1.3.jar;C:\Users\anujakho\.m2\repository\com\google\j2objc\j2objc-annotations\1.1\j2objc-annotations-1.1.jar;C:\Users\anujakho\.m2\repository\org\codehaus\mojo\animal-sniffer-annotations\1.14\animal-sniffer-annotations-1.14.jar;C:\Users\anujakho\.m2\repository\com\squareup\okhttp3\okhttp\3.11.0\okhttp-3.11.0.jar;C:\Users\anujakho\.m2\repository\com\squareup\okio\okio\1.14.0\okio-1.14.0.jar;C:\Users\anujakho\.m2\repository\org\seleniumhq\selenium\selenium-api\3.141.59\selenium-api-3.141.59.jar;C:\Users\anujakho\.m2\repository\org\seleniumhq\selenium\selenium-server\3.141.59\selenium-server-3.141.59.jar;C:\Users\anujakho\.m2\repository\com\beust\jcommander\1.72\jcommander-1.72.jar;C:\Users\anujakho\.m2\repository\net\jcip\jcip-annotations\1.0\jcip-annotations-1.0.jar;C:\Users\anujakho\.m2\repository\org\seleniumhq\selenium\jetty-repacked\9.4.12.v20180830\jetty-repacked-9.4.12.v20180830.jar;C:\Users\anujakho\.m2\repository\javax\servlet\javax.servlet-api\3.1.0\javax.servlet-api-3.1.0.jar;C:\Users\anujakho\.m2\repository\org\yaml\snakeyaml\1.19\snakeyaml-1.19.jar;C:\Users\anujakho\.m2\repository\org\seleniumhq\selenium\selenium-support\3.141.59\selenium-support-3.141.59.jar;C:\Users\anujakho\.m2\repository\org\seleniumhq\selenium\selenium-firefox-driver\3.141.59\selenium-firefox-driver-3.141.59.jar;C:\Users\anujakho\.m2\repository\org\seleniumhq\selenium\selenium-chrome-driver\3.141.59\selenium-chrome-driver-3.141.59.jar;C:\Users\anujakho\.m2\repository\org\seleniumhq\selenium\selenium-remote-driver\3.141.59\selenium-remote-driver-3.141.59.jar;C:\Users\anujakho\.m2\repository\org\seleniumhq\selenium\selenium-htmlunit-driver\2.52.0\selenium-htmlunit-driver-2.52.0.jar;C:\Users\anujakho\.m2\repository\net\sourceforge\htmlunit\htmlunit\2.18\htmlunit-2.18.jar;C:\Users\anujakho\.m2\repository\xalan\xalan\2.7.2\xalan-2.7.2.jar;C:\Users\anujakho\.m2\repository\xalan\serializer\2.7.2\serializer-2.7.2.jar;C:\Users\anujakho\.m2\repository\net\sourceforge\htmlunit\htmlunit-core-js\2.17\htmlunit-core-js-2.17.jar;C:\Users\anujakho\.m2\repository\xerces\xercesImpl\2.11.0\xercesImpl-2.11.0.jar;C:\Users\anujakho\.m2\repository\xml-apis\xml-apis\1.4.01\xml-apis-1.4.01.jar;C:\Users\anujakho\.m2\repository\net\sourceforge\nekohtml\nekohtml\1.9.22\nekohtml-1.9.22.jar;C:\Users\anujakho\.m2\repository\net\sourceforge\cssparser\cssparser\0.9.16\cssparser-0.9.16.jar;C:\Users\anujakho\.m2\repository\org\w3c\css\sac\1.3\sac-1.3.jar;C:\Users\anujakho\.m2\repository\commons-logging\commons-logging\1.2\commons-logging-1.2.jar;C:\Users\anujakho\.m2\repository\org\eclipse\jetty\websocket\websocket-client\9.2.12.v20150709\websocket-client-9.2.12.v20150709.jar;C:\Users\anujakho\.m2\repository\org\eclipse\jetty\jetty-util\9.2.12.v20150709\jetty-util-9.2.12.v20150709.jar;C:\Users\anujakho\.m2\repository\org\eclipse\jetty\jetty-io\9.2.12.v20150709\jetty-io-9.2.12.v20150709.jar;C:\Users\anujakho\.m2\repository\org\eclipse\jetty\websocket\websocket-common\9.2.12.v20150709\websocket-common-9.2.12.v20150709.jar;C:\Users\anujakho\.m2\repository\org\eclipse\jetty\websocket\websocket-api\9.2.12.v20150709\websocket-api-9.2.12.v20150709.jar;C:\Users\anujakho\.m2\repository\commons-collections\commons-collections\3.2.2\commons-collections-3.2.2.jar;C:\Users\anujakho\.m2\repository\org\apache\httpcomponents\httpclient\4.5.1\httpclient-4.5.1.jar;C:\Users\anujakho\.m2\repository\org\apache\httpcomponents\httpcore\4.4.3\httpcore-4.4.3.jar;C:\Users\anujakho\.m2\repository\org\seleniumhq\selenium\selenium-ie-driver\3.141.59\selenium-ie-driver-3.141.59.jar;C:\Users\anujakho\.m2\repository\org\testng\testng\6.9.8\testng-6.9.8.jar;C:\Users\anujakho\.m2\repository\org\beanshell\bsh\2.0b4\bsh-2.0b4.jar;C:\Users\anujakho\.m2\repository\io\rest-assured\rest-assured\4.3.0\rest-assured-4.3.0.jar;C:\Users\anujakho\.m2\repository\org\codehaus\groovy\groovy\3.0.2\groovy-3.0.2.jar;C:\Users\anujakho\.m2\repository\org\codehaus\groovy\groovy-xml\3.0.2\groovy-xml-3.0.2.jar;C:\Users\anujakho\.m2\repository\org\apache\httpcomponents\httpmime\4.5.3\httpmime-4.5.3.jar;C:\Users\anujakho\.m2\repository\org\hamcrest\hamcrest\2.1\hamcrest-2.1.jar;C:\Users\anujakho\.m2\repository\org\ccil\cowan\tagsoup\tagsoup\1.2.1\tagsoup-1.2.1.jar;C:\Users\anujakho\.m2\repository\io\rest-assured\json-path\4.3.0\json-path-4.3.0.jar;C:\Users\anujakho\.m2\repository\org\codehaus\groovy\groovy-json\3.0.2\groovy-json-3.0.2.jar;C:\Users\anujakho\.m2\repository\io\rest-assured\rest-assured-common\4.3.0\rest-assured-common-4.3.0.jar;C:\Users\anujakho\.m2\repository\io\rest-assured\xml-path\4.3.0\xml-path-4.3.0.jar;C:\Users\anujakho\.m2\repository\jakarta\xml\bind\jakarta.xml.bind-api\2.3.2\jakarta.xml.bind-api-2.3.2.jar;C:\Users\anujakho\.m2\repository\jakarta\activation\jakarta.activation-api\1.2.1\jakarta.activation-api-1.2.1.jar;C:\Users\anujakho\.m2\repository\com\sun\xml\bind\jaxb-osgi\2.3.0.1\jaxb-osgi-2.3.0.1.jar;C:\Users\anujakho\.m2\repository\org\apache\sling\org.apache.sling.javax.activation\0.1.0\org.apache.sling.javax.activation-0.1.0.jar;C:\Users\anujakho\.m2\repository\javax\activation\activation\1.1.1\activation-1.1.1.jar;C:\Users\anujakho\.m2\repository\io\appium\java-client\7.3.0\java-client-7.3.0.jar;C:\Users\anujakho\.m2\repository\com\google\code\gson\gson\2.8.5\gson-2.8.5.jar;C:\Users\anujakho\.m2\repository\cglib\cglib\3.2.12\cglib-3.2.12.jar;C:\Users\anujakho\.m2\repository\org\ow2\asm\asm\7.1\asm-7.1.jar;C:\Users\anujakho\.m2\repository\commons-validator\commons-validator\1.6\commons-validator-1.6.jar;C:\Users\anujakho\.m2\repository\commons-beanutils\commons-beanutils\1.9.2\commons-beanutils-1.9.2.jar;C:\Users\anujakho\.m2\repository\commons-digester\commons-digester\1.8.1\commons-digester-1.8.1.jar;C:\Users\anujakho\.m2\repository\org\apache\commons\commons-lang3\3.9\commons-lang3-3.9.jar;C:\Users\anujakho\.m2\repository\commons-io\commons-io\2.6\commons-io-2.6.jar;C:\Users\anujakho\.m2\repository\org\springframework\spring-context\5.1.8.RELEASE\spring-context-5.1.8.RELEASE.jar;C:\Users\anujakho\.m2\repository\org\springframework\spring-aop\5.1.8.RELEASE\spring-aop-5.1.8.RELEASE.jar;C:\Users\anujakho\.m2\repository\org\springframework\spring-beans\5.1.8.RELEASE\spring-beans-5.1.8.RELEASE.jar;C:\Users\anujakho\.m2\repository\org\springframework\spring-core\5.1.8.RELEASE\spring-core-5.1.8.RELEASE.jar;C:\Users\anujakho\.m2\repository\org\springframework\spring-jcl\5.1.8.RELEASE\spring-jcl-5.1.8.RELEASE.jar;C:\Users\anujakho\.m2\repository\org\springframework\spring-expression\5.1.8.RELEASE\spring-expression-5.1.8.RELEASE.jar;C:\Users\anujakho\.m2\repository\org\aspectj\aspectjweaver\1.9.4\aspectjweaver-1.9.4.jar;C:\Users\anujakho\.m2\repository\org\slf4j\slf4j-api\1.7.26\slf4j-api-1.7.26.jar;C:\Users\anujakho\.m2\repository\org\apache\poi\poi-ooxml\4.1.2\poi-ooxml-4.1.2.jar;C:\Users\anujakho\.m2\repository\org\apache\poi\poi-ooxml-schemas\4.1.2\poi-ooxml-schemas-4.1.2.jar;C:\Users\anujakho\.m2\repository\org\apache\xmlbeans\xmlbeans\3.1.0\xmlbeans-3.1.0.jar;C:\Users\anujakho\.m2\repository\org\apache\commons\commons-compress\1.19\commons-compress-1.19.jar;C:\Users\anujakho\.m2\repository\com\github\virtuald\curvesapi\1.06\curvesapi-1.06.jar;C:\Users\anujakho\.m2\repository\org\apache\poi\poi\4.1.2\poi-4.1.2.jar;C:\Users\anujakho\.m2\repository\commons-codec\commons-codec\1.13\commons-codec-1.13.jar;C:\Users\anujakho\.m2\repository\org\apache\commons\commons-collections4\4.4\commons-collections4-4.4.jar;C:\Users\anujakho\.m2\repository\org\apache\commons\commons-math3\3.6.1\commons-math3-3.6.1.jar;C:\Users\anujakho\.m2\repository\com\zaxxer\SparseBitSet\1.2\SparseBitSet-1.2.jar;C:\Users\anujakho\.m2\repository\org\apache\logging\log4j\log4j-core\2.13.1\log4j-core-2.13.1.jar;C:\Users\anujakho\.m2\repository\org\apache\logging\log4j\log4j-api\2.13.1\log4j-api-2.13.1.jar;C:\Users\anujakho\.m2\repository\com\aventstack\extentreports\4.1.5\extentreports-4.1.5.jar;C:\Users\anujakho\.m2\repository\org\freemarker\freemarker\2.3.29\freemarker-2.3.29.jar;C:\Users\anujakho\.m2\repository\org\mongodb\mongodb-driver\3.12.0\mongodb-driver-3.12.0.jar;C:\Users\anujakho\.m2\repository\org\mongodb\mongodb-driver-core\3.12.0\mongodb-driver-core-3.12.0.jar;C:\Users\anujakho\.m2\repository\org\mongodb\bson\3.12.0\bson-3.12.0.jar;"/>
    <property name="java.vm.vendor" value="Oracle Corporation"/>
    <property name="sun.arch.data.model" value="64"/>
    <property name="user.variant" value=""/>
    <property name="java.vendor.url" value="http://java.oracle.com/"/>
    <property name="user.timezone" value="Asia/Calcutta"/>
    <property name="java.vm.specification.version" value="1.8"/>
    <property name="os.name" value="Windows 10"/>
    <property name="user.country" value="US"/>
    <property name="sun.java.launcher" value="SUN_STANDARD"/>
    <property name="sun.boot.library.path" value="C:\Program Files\Java\jdk1.8.0_171\jre\bin"/>
    <property name="sun.java.command" value="C:\Users\anujakho\AppData\Local\Temp\surefire1676364768280879641\surefirebooter15132590492311309.jar C:\Users\anujakho\AppData\Local\Temp\surefire1676364768280879641 2020-05-08T10-49-43_300-jvmRun1 surefire2166735907533142928tmp surefire_02109793361493489208tmp"/>
    <property name="surefire.test.class.path" value="C:\Users\anujakho\Desktop\Gore Automation\GoreB2BAutomation\target\test-classes;C:\Users\anujakho\Desktop\Gore Automation\GoreB2BAutomation\target\classes;C:\Users\anujakho\.m2\repository\org\seleniumhq\selenium\selenium-java\3.141.59\selenium-java-3.141.59.jar;C:\Users\anujakho\.m2\repository\org\seleniumhq\selenium\selenium-edge-driver\3.141.59\selenium-edge-driver-3.141.59.jar;C:\Users\anujakho\.m2\repository\org\seleniumhq\selenium\selenium-opera-driver\3.141.59\selenium-opera-driver-3.141.59.jar;C:\Users\anujakho\.m2\repository\org\seleniumhq\selenium\selenium-safari-driver\3.141.59\selenium-safari-driver-3.141.59.jar;C:\Users\anujakho\.m2\repository\net\bytebuddy\byte-buddy\1.8.15\byte-buddy-1.8.15.jar;C:\Users\anujakho\.m2\repository\org\apache\commons\commons-exec\1.3\commons-exec-1.3.jar;C:\Users\anujakho\.m2\repository\com\google\guava\guava\25.0-jre\guava-25.0-jre.jar;C:\Users\anujakho\.m2\repository\com\google\code\findbugs\jsr305\1.3.9\jsr305-1.3.9.jar;C:\Users\anujakho\.m2\repository\org\checkerframework\checker-compat-qual\2.0.0\checker-compat-qual-2.0.0.jar;C:\Users\anujakho\.m2\repository\com\google\errorprone\error_prone_annotations\2.1.3\error_prone_annotations-2.1.3.jar;C:\Users\anujakho\.m2\repository\com\google\j2objc\j2objc-annotations\1.1\j2objc-annotations-1.1.jar;C:\Users\anujakho\.m2\repository\org\codehaus\mojo\animal-sniffer-annotations\1.14\animal-sniffer-annotations-1.14.jar;C:\Users\anujakho\.m2\repository\com\squareup\okhttp3\okhttp\3.11.0\okhttp-3.11.0.jar;C:\Users\anujakho\.m2\repository\com\squareup\okio\okio\1.14.0\okio-1.14.0.jar;C:\Users\anujakho\.m2\repository\org\seleniumhq\selenium\selenium-api\3.141.59\selenium-api-3.141.59.jar;C:\Users\anujakho\.m2\repository\org\seleniumhq\selenium\selenium-server\3.141.59\selenium-server-3.141.59.jar;C:\Users\anujakho\.m2\repository\com\beust\jcommander\1.72\jcommander-1.72.jar;C:\Users\anujakho\.m2\repository\net\jcip\jcip-annotations\1.0\jcip-annotations-1.0.jar;C:\Users\anujakho\.m2\repository\org\seleniumhq\selenium\jetty-repacked\9.4.12.v20180830\jetty-repacked-9.4.12.v20180830.jar;C:\Users\anujakho\.m2\repository\javax\servlet\javax.servlet-api\3.1.0\javax.servlet-api-3.1.0.jar;C:\Users\anujakho\.m2\repository\org\yaml\snakeyaml\1.19\snakeyaml-1.19.jar;C:\Users\anujakho\.m2\repository\org\seleniumhq\selenium\selenium-support\3.141.59\selenium-support-3.141.59.jar;C:\Users\anujakho\.m2\repository\org\seleniumhq\selenium\selenium-firefox-driver\3.141.59\selenium-firefox-driver-3.141.59.jar;C:\Users\anujakho\.m2\repository\org\seleniumhq\selenium\selenium-chrome-driver\3.141.59\selenium-chrome-driver-3.141.59.jar;C:\Users\anujakho\.m2\repository\org\seleniumhq\selenium\selenium-remote-driver\3.141.59\selenium-remote-driver-3.141.59.jar;C:\Users\anujakho\.m2\repository\org\seleniumhq\selenium\selenium-htmlunit-driver\2.52.0\selenium-htmlunit-driver-2.52.0.jar;C:\Users\anujakho\.m2\repository\net\sourceforge\htmlunit\htmlunit\2.18\htmlunit-2.18.jar;C:\Users\anujakho\.m2\repository\xalan\xalan\2.7.2\xalan-2.7.2.jar;C:\Users\anujakho\.m2\repository\xalan\serializer\2.7.2\serializer-2.7.2.jar;C:\Users\anujakho\.m2\repository\net\sourceforge\htmlunit\htmlunit-core-js\2.17\htmlunit-core-js-2.17.jar;C:\Users\anujakho\.m2\repository\xerces\xercesImpl\2.11.0\xercesImpl-2.11.0.jar;C:\Users\anujakho\.m2\repository\xml-apis\xml-apis\1.4.01\xml-apis-1.4.01.jar;C:\Users\anujakho\.m2\repository\net\sourceforge\nekohtml\nekohtml\1.9.22\nekohtml-1.9.22.jar;C:\Users\anujakho\.m2\repository\net\sourceforge\cssparser\cssparser\0.9.16\cssparser-0.9.16.jar;C:\Users\anujakho\.m2\repository\org\w3c\css\sac\1.3\sac-1.3.jar;C:\Users\anujakho\.m2\repository\commons-logging\commons-logging\1.2\commons-logging-1.2.jar;C:\Users\anujakho\.m2\repository\org\eclipse\jetty\websocket\websocket-client\9.2.12.v20150709\websocket-client-9.2.12.v20150709.jar;C:\Users\anujakho\.m2\repository\org\eclipse\jetty\jetty-util\9.2.12.v20150709\jetty-util-9.2.12.v20150709.jar;C:\Users\anujakho\.m2\repository\org\eclipse\jetty\jetty-io\9.2.12.v20150709\jetty-io-9.2.12.v20150709.jar;C:\Users\anujakho\.m2\repository\org\eclipse\jetty\websocket\websocket-common\9.2.12.v20150709\websocket-common-9.2.12.v20150709.jar;C:\Users\anujakho\.m2\repository\org\eclipse\jetty\websocket\websocket-api\9.2.12.v20150709\websocket-api-9.2.12.v20150709.jar;C:\Users\anujakho\.m2\repository\commons-collections\commons-collections\3.2.2\commons-collections-3.2.2.jar;C:\Users\anujakho\.m2\repository\org\apache\httpcomponents\httpclient\4.5.1\httpclient-4.5.1.jar;C:\Users\anujakho\.m2\repository\org\apache\httpcomponents\httpcore\4.4.3\httpcore-4.4.3.jar;C:\Users\anujakho\.m2\repository\org\seleniumhq\selenium\selenium-ie-driver\3.141.59\selenium-ie-driver-3.141.59.jar;C:\Users\anujakho\.m2\repository\org\testng\testng\6.9.8\testng-6.9.8.jar;C:\Users\anujakho\.m2\repository\org\beanshell\bsh\2.0b4\bsh-2.0b4.jar;C:\Users\anujakho\.m2\repository\io\rest-assured\rest-assured\4.3.0\rest-assured-4.3.0.jar;C:\Users\anujakho\.m2\repository\org\codehaus\groovy\groovy\3.0.2\groovy-3.0.2.jar;C:\Users\anujakho\.m2\repository\org\codehaus\groovy\groovy-xml\3.0.2\groovy-xml-3.0.2.jar;C:\Users\anujakho\.m2\repository\org\apache\httpcomponents\httpmime\4.5.3\httpmime-4.5.3.jar;C:\Users\anujakho\.m2\repository\org\hamcrest\hamcrest\2.1\hamcrest-2.1.jar;C:\Users\anujakho\.m2\repository\org\ccil\cowan\tagsoup\tagsoup\1.2.1\tagsoup-1.2.1.jar;C:\Users\anujakho\.m2\repository\io\rest-assured\json-path\4.3.0\json-path-4.3.0.jar;C:\Users\anujakho\.m2\repository\org\codehaus\groovy\groovy-json\3.0.2\groovy-json-3.0.2.jar;C:\Users\anujakho\.m2\repository\io\rest-assured\rest-assured-common\4.3.0\rest-assured-common-4.3.0.jar;C:\Users\anujakho\.m2\repository\io\rest-assured\xml-path\4.3.0\xml-path-4.3.0.jar;C:\Users\anujakho\.m2\repository\jakarta\xml\bind\jakarta.xml.bind-api\2.3.2\jakarta.xml.bind-api-2.3.2.jar;C:\Users\anujakho\.m2\repository\jakarta\activation\jakarta.activation-api\1.2.1\jakarta.activation-api-1.2.1.jar;C:\Users\anujakho\.m2\repository\com\sun\xml\bind\jaxb-osgi\2.3.0.1\jaxb-osgi-2.3.0.1.jar;C:\Users\anujakho\.m2\repository\org\apache\sling\org.apache.sling.javax.activation\0.1.0\org.apache.sling.javax.activation-0.1.0.jar;C:\Users\anujakho\.m2\repository\javax\activation\activation\1.1.1\activation-1.1.1.jar;C:\Users\anujakho\.m2\repository\io\appium\java-client\7.3.0\java-client-7.3.0.jar;C:\Users\anujakho\.m2\repository\com\google\code\gson\gson\2.8.5\gson-2.8.5.jar;C:\Users\anujakho\.m2\repository\cglib\cglib\3.2.12\cglib-3.2.12.jar;C:\Users\anujakho\.m2\repository\org\ow2\asm\asm\7.1\asm-7.1.jar;C:\Users\anujakho\.m2\repository\commons-validator\commons-validator\1.6\commons-validator-1.6.jar;C:\Users\anujakho\.m2\repository\commons-beanutils\commons-beanutils\1.9.2\commons-beanutils-1.9.2.jar;C:\Users\anujakho\.m2\repository\commons-digester\commons-digester\1.8.1\commons-digester-1.8.1.jar;C:\Users\anujakho\.m2\repository\org\apache\commons\commons-lang3\3.9\commons-lang3-3.9.jar;C:\Users\anujakho\.m2\repository\commons-io\commons-io\2.6\commons-io-2.6.jar;C:\Users\anujakho\.m2\repository\org\springframework\spring-context\5.1.8.RELEASE\spring-context-5.1.8.RELEASE.jar;C:\Users\anujakho\.m2\repository\org\springframework\spring-aop\5.1.8.RELEASE\spring-aop-5.1.8.RELEASE.jar;C:\Users\anujakho\.m2\repository\org\springframework\spring-beans\5.1.8.RELEASE\spring-beans-5.1.8.RELEASE.jar;C:\Users\anujakho\.m2\repository\org\springframework\spring-core\5.1.8.RELEASE\spring-core-5.1.8.RELEASE.jar;C:\Users\anujakho\.m2\repository\org\springframework\spring-jcl\5.1.8.RELEASE\spring-jcl-5.1.8.RELEASE.jar;C:\Users\anujakho\.m2\repository\org\springframework\spring-expression\5.1.8.RELEASE\spring-expression-5.1.8.RELEASE.jar;C:\Users\anujakho\.m2\repository\org\aspectj\aspectjweaver\1.9.4\aspectjweaver-1.9.4.jar;C:\Users\anujakho\.m2\repository\org\slf4j\slf4j-api\1.7.26\slf4j-api-1.7.26.jar;C:\Users\anujakho\.m2\repository\org\apache\poi\poi-ooxml\4.1.2\poi-ooxml-4.1.2.jar;C:\Users\anujakho\.m2\repository\org\apache\poi\poi-ooxml-schemas\4.1.2\poi-ooxml-schemas-4.1.2.jar;C:\Users\anujakho\.m2\repository\org\apache\xmlbeans\xmlbeans\3.1.0\xmlbeans-3.1.0.jar;C:\Users\anujakho\.m2\repository\org\apache\commons\commons-compress\1.19\commons-compress-1.19.jar;C:\Users\anujakho\.m2\repository\com\github\virtuald\curvesapi\1.06\curvesapi-1.06.jar;C:\Users\anujakho\.m2\repository\org\apache\poi\poi\4.1.2\poi-4.1.2.jar;C:\Users\anujakho\.m2\repository\commons-codec\commons-codec\1.13\commons-codec-1.13.jar;C:\Users\anujakho\.m2\repository\org\apache\commons\commons-collections4\4.4\commons-collections4-4.4.jar;C:\Users\anujakho\.m2\repository\org\apache\commons\commons-math3\3.6.1\commons-math3-3.6.1.jar;C:\Users\anujakho\.m2\repository\com\zaxxer\SparseBitSet\1.2\SparseBitSet-1.2.jar;C:\Users\anujakho\.m2\repository\org\apache\logging\log4j\log4j-core\2.13.1\log4j-core-2.13.1.jar;C:\Users\anujakho\.m2\repository\org\apache\logging\log4j\log4j-api\2.13.1\log4j-api-2.13.1.jar;C:\Users\anujakho\.m2\repository\com\aventstack\extentreports\4.1.5\extentreports-4.1.5.jar;C:\Users\anujakho\.m2\repository\org\freemarker\freemarker\2.3.29\freemarker-2.3.29.jar;C:\Users\anujakho\.m2\repository\org\mongodb\mongodb-driver\3.12.0\mongodb-driver-3.12.0.jar;C:\Users\anujakho\.m2\repository\org\mongodb\mongodb-driver-core\3.12.0\mongodb-driver-core-3.12.0.jar;C:\Users\anujakho\.m2\repository\org\mongodb\bson\3.12.0\bson-3.12.0.jar;"/>
    <property name="sun.cpu.endian" value="little"/>
    <property name="user.home" value="C:\Users\anujakho"/>
    <property name="user.language" value="en"/>
    <property name="java.specification.vendor" value="Oracle Corporation"/>
    <property name="java.home" value="C:\Program Files\Java\jdk1.8.0_171\jre"/>
    <property name="basedir" value="C:\Users\anujakho\Desktop\Gore Automation\GoreB2BAutomation"/>
    <property name="file.separator" value="\"/>
    <property name="line.separator" value="&#10;"/>
    <property name="java.vm.specification.vendor" value="Oracle Corporation"/>
    <property name="java.specification.name" value="Java Platform API Specification"/>
    <property name="java.awt.graphicsenv" value="sun.awt.Win32GraphicsEnvironment"/>
    <property name="surefire.real.class.path" value="C:\Users\anujakho\AppData\Local\Temp\surefire1676364768280879641\surefirebooter15132590492311309.jar"/>
    <property name="sun.boot.class.path" value="C:\Program Files\Java\jdk1.8.0_171\jre\lib\resources.jar;C:\Program Files\Java\jdk1.8.0_171\jre\lib\rt.jar;C:\Program Files\Java\jdk1.8.0_171\jre\lib\sunrsasign.jar;C:\Program Files\Java\jdk1.8.0_171\jre\lib\jsse.jar;C:\Program Files\Java\jdk1.8.0_171\jre\lib\jce.jar;C:\Program Files\Java\jdk1.8.0_171\jre\lib\charsets.jar;C:\Program Files\Java\jdk1.8.0_171\jre\lib\jfr.jar;C:\Program Files\Java\jdk1.8.0_171\jre\classes"/>
    <property name="user.script" value=""/>
    <property name="sun.management.compiler" value="HotSpot 64-Bit Tiered Compilers"/>
    <property name="java.runtime.version" value="1.8.0_171-b11"/>
    <property name="user.name" value="anujakho"/>
    <property name="path.separator" value=";"/>
    <property name="os.version" value="10.0"/>
    <property name="java.endorsed.dirs" value="C:\Program Files\Java\jdk1.8.0_171\jre\lib\endorsed"/>
    <property name="java.runtime.name" value="Java(TM) SE Runtime Environment"/>
    <property name="file.encoding" value="Cp1252"/>
    <property name="java.vm.name" value="Java HotSpot(TM) 64-Bit Server VM"/>
    <property name="localRepository" value="C:\Users\anujakho\.m2\repository"/>
    <property name="java.vendor.url.bug" value="http://bugreport.sun.com/bugreport/"/>
    <property name="java.io.tmpdir" value="C:\Users\anujakho\AppData\Local\Temp\"/>
    <property name="java.version" value="1.8.0_171"/>
    <property name="user.dir" value="C:\Users\anujakho\Desktop\Gore Automation\GoreB2BAutomation"/>
    <property name="os.arch" value="amd64"/>
    <property name="java.vm.specification.name" value="Java Virtual Machine Specification"/>
    <property name="java.awt.printerjob" value="sun.awt.windows.WPrinterJob"/>
    <property name="sun.os.patch.level" value=""/>
    <property name="java.library.path" value="C:\Program Files\Java\jdk1.8.0_171\jre\bin;C:\WINDOWS\Sun\Java\bin;C:\WINDOWS\system32;C:\WINDOWS;C:\Program Files (x86)\Common Files\Oracle\Java\javapath;C:\WINDOWS\system32;C:\WINDOWS;C:\WINDOWS\System32\Wbem;C:\WINDOWS\System32\WindowsPowerShell\v1.0\;C:\Program Files (x86)\Box\Box Edit\;C:\Program Files\Java\jdk1.8.0_171\bin\;C:\Users\anujakho\AppData\Local\Android\android-sdk\tools;C:\WINDOWS\System32\OpenSSH\;C:\Users\anujakho\AppData\Local\Android\android-sdk\platform-tools;C:\Program Files\apache-maven-3.3.9\bin;C:\Program Files\Git\cmd;C:\Program Files\Intel\WiFi\bin\;C:\Program Files\Common Files\Intel\WirelessCommon\;C:\Users\anujakho\AppData\Local\Android\Sdk\tools;C:\Users\anujakho\AppData\Local\Android\Sdk\tools\bin;C:\Users\anujakho\AppData\Local\Android\Sdk\platform-tools;C:\Program Files\TortoiseGit\bin;C:\Program Files\nodejs\;C:\Users\anujakho\AppData\Local\Microsoft\WindowsApps;C:\Program Files\Intel\WiFi\bin\;C:\Program Files\Common Files\Intel\WirelessCommon\;C:\Users\anujakho\AppData\Roaming\npm;."/>
    <property name="java.vm.info" value="mixed mode"/>
    <property name="java.vendor" value="Oracle Corporation"/>
    <property name="java.vm.version" value="25.171-b11"/>
    <property name="java.ext.dirs" value="C:\Program Files\Java\jdk1.8.0_171\jre\lib\ext;C:\WINDOWS\Sun\Java\lib\ext"/>
    <property name="sun.io.unicode.encoding" value="UnicodeLittle"/>
    <property name="java.class.version" value="52.0"/>
  </properties>
  <testcase name="verifyLogin" classname="publicisSapient.testScripts.HomePageTest" time="22.955"/>
  <testcase name="verifyLogin" classname="publicisSapient.testScripts.HomePageTest" time="39.01"/>
  <testcase name="VerifyTitleHeader" classname="publicisSapient.testScripts.VerifyTitleTest" time="53.841">
    <failure message="no such element: Unable to locate element: {&quot;method&quot;:&quot;css selector&quot;,&quot;selector&quot;:&quot;asdfs&quot;}&#10;  (Session info: chrome=81.0.4044.129)&#10;For documentation on this error, please visit: https://www.seleniumhq.org/exceptions/no_such_element.html&#10;Build info: version: &apos;3.141.59&apos;, revision: &apos;e82be7d358&apos;, time: &apos;2018-11-14T08:17:03&apos;&#10;System info: host: &apos;WKWIN6024718&apos;, ip: &apos;10.102.118.235&apos;, os.name: &apos;Windows 10&apos;, os.arch: &apos;amd64&apos;, os.version: &apos;10.0&apos;, java.version: &apos;1.8.0_171&apos;&#10;Driver info: org.openqa.selenium.chrome.ChromeDriver&#10;Capabilities {acceptInsecureCerts: false, browserName: chrome, browserVersion: 81.0.4044.129, chrome: {chromedriverVersion: 81.0.4044.69 (6813546031a4b..., userDataDir: C:\Users\anujakho\AppData\L...}, goog:chromeOptions: {debuggerAddress: localhost:60586}, javascriptEnabled: true, networkConnectionEnabled: false, pageLoadStrategy: normal, platform: WINDOWS, platformName: WINDOWS, proxy: Proxy(), setWindowRect: true, strictFileInteractability: false, timeouts: {implicit: 0, pageLoad: 300000, script: 30000}, unhandledPromptBehavior: dismiss and notify, webauthn:virtualAuthenticators: true}&#10;Session ID: 8db1050ee1b413e23739136bc63fdbde&#10;*** Element info: {Using=css selector, value=asdfs}" type="org.openqa.selenium.NoSuchElementException"><![CDATA[org.openqa.selenium.NoSuchElementException: 
no such element: Unable to locate element: {"method":"css selector","selector":"asdfs"}
  (Session info: chrome=81.0.4044.129)
For documentation on this error, please visit: https://www.seleniumhq.org/exceptions/no_such_element.html
Build info: version: '3.141.59', revision: 'e82be7d358', time: '2018-11-14T08:17:03'
System info: host: 'WKWIN6024718', ip: '10.102.118.235', os.name: 'Windows 10', os.arch: 'amd64', os.version: '10.0', java.version: '1.8.0_171'
Driver info: org.openqa.selenium.chrome.ChromeDriver
Capabilities {acceptInsecureCerts: false, browserName: chrome, browserVersion: 81.0.4044.129, chrome: {chromedriverVersion: 81.0.4044.69 (6813546031a4b..., userDataDir: C:\Users\anujakho\AppData\L...}, goog:chromeOptions: {debuggerAddress: localhost:60586}, javascriptEnabled: true, networkConnectionEnabled: false, pageLoadStrategy: normal, platform: WINDOWS, platformName: WINDOWS, proxy: Proxy(), setWindowRect: true, strictFileInteractability: false, timeouts: {implicit: 0, pageLoad: 300000, script: 30000}, unhandledPromptBehavior: dismiss and notify, webauthn:virtualAuthenticators: true}
Session ID: 8db1050ee1b413e23739136bc63fdbde
*** Element info: {Using=css selector, value=asdfs}
	at publicisSapient.testScripts.VerifyTitleTest.VerifyTitleHeader(VerifyTitleTest.java:33)
]]></failure>
    <system-out><![CDATA[10:50:53.636 [main] INFO  publicisSapient.helper.listeners.Listeners - verifyLogin Test Passed..
10:50:54.359 [main] INFO  publicisSapient.helper.testBase.TestBase - **************verifyLoginFinished***************
10:50:55.304 [main] INFO  publicisSapient.helper.listeners.Listeners - Regression Test for Class 1 Test Finished..
10:50:55.306 [main] INFO  publicisSapient.helper.listeners.Listeners - Regression Test for Class 3 Class Started..
10:50:57.683 [main] INFO  publicisSapient.helper.testBase.TestBase - Initialize Web driver: 1096411163
10:50:57.683 [main] INFO  publicisSapient.helper.WaitHelper - WaitHelper object created..
10:50:57.683 [main] INFO  publicisSapient.helper.WaitHelper - Implicit Wait has been set to: 30
10:50:57.688 [main] INFO  publicisSapient.helper.WaitHelper - waiting for page to load for : SECONDS seconds
10:50:57.706 [main] INFO  publicisSapient.helper.WaitHelper -  page is loaded
10:50:58.880 [main] INFO  publicisSapient.helper.testBase.TestBase - **************VerifyTitleHeaderStarted***************
10:50:58.883 [main] INFO  publicisSapient.helper.listeners.Listeners - VerifyTitleHeader Test Started..
10:51:01.398 [main] INFO  publicisSapient.helper.WaitHelper - WaitHelper object created..
10:51:01.412 [main] INFO  publicisSapient.helper.testBase.TestBase - capturing ui navigation screen for title...QA Click Academy | Selenium,Jmeter,SoapUI,Appium,Database testing,QA Training Academy
10:51:01.422 [main] INFO  publicisSapient.helper.JavaScriptHelper - JavaScriptHelper has been initialized
10:51:02.137 [main] INFO  publicisSapient.helper.JavaScriptHelper - JavaScriptHelper has been initialized
10:51:02.152 [main] INFO  publicisSapient.helper.WaitHelper - WaitHelper object created..
10:51:02.199 [main] INFO  publicisSapient.helper.testBase.TestBase - capturing ui navigation screen for title...QA Click Academy | Selenium,Jmeter,SoapUI,Appium,Database testing,QA Training Academy
10:51:02.208 [main] INFO  publicisSapient.helper.JavaScriptHelper - JavaScriptHelper has been initialized
10:51:02.761 [main] INFO  publicisSapient.helper.JavaScriptHelper - JavaScriptHelper has been initialized
10:51:13.008 [main] INFO  publicisSapient.pageObjects.LandingPage - Pop up displayed and closed
10:51:18.750 [main] INFO  publicisSapient.pageObjects.LandingPage - Login option is clicked
10:51:22.686 [main] INFO  publicisSapient.pageObjects.LandingPage - waste
10:51:22.686 [main] INFO  publicisSapient.pageObjects.LandingPage - Clicking on unavailable element to fail test case
]]></system-out>
    <system-err><![CDATA[[1588915253.911][SEVERE]: Timed out receiving message from renderer: 0.100
May 08, 2020 10:50:55 AM org.openqa.selenium.remote.DesiredCapabilities chrome
INFO: Using `new ChromeOptions()` is preferred to `DesiredCapabilities.chrome()`
Starting ChromeDriver 81.0.4044.69 (6813546031a4bc83f717a2ef7cd4ac6ec1199132-refs/branch-heads/4044@{#776}) on port 34928
Only local connections are allowed.
Please protect ports used by ChromeDriver and related test frameworks to prevent access by malicious code.
May 08, 2020 10:50:57 AM org.openqa.selenium.remote.ProtocolHandshake createSession
INFO: Detected dialect: W3C
[1588915259.539][SEVERE]: Timed out receiving message from renderer: 0.100
[1588915259.660][SEVERE]: Timed out receiving message from renderer: 0.100
[1588915259.765][SEVERE]: Timed out receiving message from renderer: 0.100
[1588915259.870][SEVERE]: Timed out receiving message from renderer: 0.100
[1588915259.980][SEVERE]: Timed out receiving message from renderer: 0.100
[1588915276.214][SEVERE]: Timed out receiving message from renderer: 0.100
[1588915276.322][SEVERE]: Timed out receiving message from renderer: 0.100
[1588915276.432][SEVERE]: Timed out receiving message from renderer: 0.100
[1588915276.534][SEVERE]: Timed out receiving message from renderer: 0.100
[1588915276.645][SEVERE]: Timed out receiving message from renderer: 0.100
[1588915276.747][SEVERE]: Timed out receiving message from renderer: 0.100
[1588915276.851][SEVERE]: Timed out receiving message from renderer: 0.100
[1588915276.956][SEVERE]: Timed out receiving message from renderer: 0.100
[1588915277.068][SEVERE]: Timed out receiving message from renderer: 0.100
[1588915277.171][SEVERE]: Timed out receiving message from renderer: 0.100
[1588915277.276][SEVERE]: Timed out receiving message from renderer: 0.100
[1588915278.548][SEVERE]: Timed out receiving message from renderer: 0.100
[1588915278.649][SEVERE]: Timed out receiving message from renderer: 0.100
[1588915281.417][SEVERE]: Timed out receiving message from renderer: 0.100
[1588915281.531][SEVERE]: Timed out receiving message from renderer: 0.100
[1588915281.633][SEVERE]: Timed out receiving message from renderer: 0.100
]]></system-err>
  </testcase>
  <testcase name="verifyNavBarIsPresent" classname="publicisSapient.testScripts.VerifyNavBarPresentTest" time="13.225"/>
</testsuite>