<?xml version="1.0" encoding="UTF-8"?>
<testsuite xmlns:xsi="http://www.w3.org/2001/XMLSchema-instance" xsi:noNamespaceSchemaLocation="https://maven.apache.org/surefire/maven-surefire-plugin/xsd/surefire-test-report-3.0.xsd" version="3.0" name="TestSuite" time="442.605" tests="4" errors="0" skipped="0" failures="4">
  <properties>
    <property name="sun.desktop" value="windows"/>
    <property name="awt.toolkit" value="sun.awt.windows.WToolkit"/>
    <property name="file.encoding.pkg" value="sun.io"/>
    <property name="java.specification.version" value="1.8"/>
    <property name="webdriver.chrome.driver" value="C:\Users\anujakho\Desktop\Gore Automation\GoreB2BAutomation/Drivers/chromedriver.exe"/>
    <property name="sun.cpu.isalist" value="amd64"/>
    <property name="sun.jnu.encoding" value="Cp1252"/>
    <property name="java.class.path" value="C:\Users\anujakho\Desktop\Gore Automation\GoreB2BAutomation\target\test-classes;C:\Users\anujakho\Desktop\Gore Automation\GoreB2BAutomation\target\classes;C:\Users\anujakho\.m2\repository\org\seleniumhq\selenium\selenium-java\3.141.59\selenium-java-3.141.59.jar;C:\Users\anujakho\.m2\repository\org\seleniumhq\selenium\selenium-edge-driver\3.141.59\selenium-edge-driver-3.141.59.jar;C:\Users\anujakho\.m2\repository\org\seleniumhq\selenium\selenium-opera-driver\3.141.59\selenium-opera-driver-3.141.59.jar;C:\Users\anujakho\.m2\repository\org\seleniumhq\selenium\selenium-safari-driver\3.141.59\selenium-safari-driver-3.141.59.jar;C:\Users\anujakho\.m2\repository\net\bytebuddy\byte-buddy\1.8.15\byte-buddy-1.8.15.jar;C:\Users\anujakho\.m2\repository\org\apache\commons\commons-exec\1.3\commons-exec-1.3.jar;C:\Users\anujakho\.m2\repository\com\google\guava\guava\25.0-jre\guava-25.0-jre.jar;C:\Users\anujakho\.m2\repository\com\google\code\findbugs\jsr305\1.3.9\jsr305-1.3.9.jar;C:\Users\anujakho\.m2\repository\org\checkerframework\checker-compat-qual\2.0.0\checker-compat-qual-2.0.0.jar;C:\Users\anujakho\.m2\repository\com\google\errorprone\error_prone_annotations\2.1.3\error_prone_annotations-2.1.3.jar;C:\Users\anujakho\.m2\repository\com\google\j2objc\j2objc-annotations\1.1\j2objc-annotations-1.1.jar;C:\Users\anujakho\.m2\repository\org\codehaus\mojo\animal-sniffer-annotations\1.14\animal-sniffer-annotations-1.14.jar;C:\Users\anujakho\.m2\repository\com\squareup\okhttp3\okhttp\3.11.0\okhttp-3.11.0.jar;C:\Users\anujakho\.m2\repository\com\squareup\okio\okio\1.14.0\okio-1.14.0.jar;C:\Users\anujakho\.m2\repository\org\seleniumhq\selenium\selenium-api\3.141.59\selenium-api-3.141.59.jar;C:\Users\anujakho\.m2\repository\org\seleniumhq\selenium\selenium-server\3.141.59\selenium-server-3.141.59.jar;C:\Users\anujakho\.m2\repository\com\beust\jcommander\1.72\jcommander-1.72.jar;C:\Users\anujakho\.m2\repository\net\jcip\jcip-annotations\1.0\jcip-annotations-1.0.jar;C:\Users\anujakho\.m2\repository\org\seleniumhq\selenium\jetty-repacked\9.4.12.v20180830\jetty-repacked-9.4.12.v20180830.jar;C:\Users\anujakho\.m2\repository\javax\servlet\javax.servlet-api\3.1.0\javax.servlet-api-3.1.0.jar;C:\Users\anujakho\.m2\repository\org\yaml\snakeyaml\1.19\snakeyaml-1.19.jar;C:\Users\anujakho\.m2\repository\org\seleniumhq\selenium\selenium-support\3.141.59\selenium-support-3.141.59.jar;C:\Users\anujakho\.m2\repository\org\seleniumhq\selenium\selenium-firefox-driver\3.141.59\selenium-firefox-driver-3.141.59.jar;C:\Users\anujakho\.m2\repository\org\seleniumhq\selenium\selenium-chrome-driver\3.141.59\selenium-chrome-driver-3.141.59.jar;C:\Users\anujakho\.m2\repository\org\seleniumhq\selenium\selenium-remote-driver\3.141.59\selenium-remote-driver-3.141.59.jar;C:\Users\anujakho\.m2\repository\org\seleniumhq\selenium\selenium-htmlunit-driver\2.52.0\selenium-htmlunit-driver-2.52.0.jar;C:\Users\anujakho\.m2\repository\net\sourceforge\htmlunit\htmlunit\2.18\htmlunit-2.18.jar;C:\Users\anujakho\.m2\repository\xalan\xalan\2.7.2\xalan-2.7.2.jar;C:\Users\anujakho\.m2\repository\xalan\serializer\2.7.2\serializer-2.7.2.jar;C:\Users\anujakho\.m2\repository\net\sourceforge\htmlunit\htmlunit-core-js\2.17\htmlunit-core-js-2.17.jar;C:\Users\anujakho\.m2\repository\xerces\xercesImpl\2.11.0\xercesImpl-2.11.0.jar;C:\Users\anujakho\.m2\repository\xml-apis\xml-apis\1.4.01\xml-apis-1.4.01.jar;C:\Users\anujakho\.m2\repository\net\sourceforge\nekohtml\nekohtml\1.9.22\nekohtml-1.9.22.jar;C:\Users\anujakho\.m2\repository\net\sourceforge\cssparser\cssparser\0.9.16\cssparser-0.9.16.jar;C:\Users\anujakho\.m2\repository\org\w3c\css\sac\1.3\sac-1.3.jar;C:\Users\anujakho\.m2\repository\commons-logging\commons-logging\1.2\commons-logging-1.2.jar;C:\Users\anujakho\.m2\repository\org\eclipse\jetty\websocket\websocket-client\9.2.12.v20150709\websocket-client-9.2.12.v20150709.jar;C:\Users\anujakho\.m2\repository\org\eclipse\jetty\jetty-util\9.2.12.v20150709\jetty-util-9.2.12.v20150709.jar;C:\Users\anujakho\.m2\repository\org\eclipse\jetty\jetty-io\9.2.12.v20150709\jetty-io-9.2.12.v20150709.jar;C:\Users\anujakho\.m2\repository\org\eclipse\jetty\websocket\websocket-common\9.2.12.v20150709\websocket-common-9.2.12.v20150709.jar;C:\Users\anujakho\.m2\repository\org\eclipse\jetty\websocket\websocket-api\9.2.12.v20150709\websocket-api-9.2.12.v20150709.jar;C:\Users\anujakho\.m2\repository\commons-collections\commons-collections\3.2.2\commons-collections-3.2.2.jar;C:\Users\anujakho\.m2\repository\org\apache\httpcomponents\httpclient\4.5.1\httpclient-4.5.1.jar;C:\Users\anujakho\.m2\repository\org\apache\httpcomponents\httpcore\4.4.3\httpcore-4.4.3.jar;C:\Users\anujakho\.m2\repository\org\seleniumhq\selenium\selenium-ie-driver\3.141.59\selenium-ie-driver-3.141.59.jar;C:\Users\anujakho\.m2\repository\org\testng\testng\6.9.8\testng-6.9.8.jar;C:\Users\anujakho\.m2\repository\org\beanshell\bsh\2.0b4\bsh-2.0b4.jar;C:\Users\anujakho\.m2\repository\io\rest-assured\rest-assured\4.3.0\rest-assured-4.3.0.jar;C:\Users\anujakho\.m2\repository\org\codehaus\groovy\groovy\3.0.2\groovy-3.0.2.jar;C:\Users\anujakho\.m2\repository\org\codehaus\groovy\groovy-xml\3.0.2\groovy-xml-3.0.2.jar;C:\Users\anujakho\.m2\repository\org\apache\httpcomponents\httpmime\4.5.3\httpmime-4.5.3.jar;C:\Users\anujakho\.m2\repository\org\hamcrest\hamcrest\2.1\hamcrest-2.1.jar;C:\Users\anujakho\.m2\repository\org\ccil\cowan\tagsoup\tagsoup\1.2.1\tagsoup-1.2.1.jar;C:\Users\anujakho\.m2\repository\io\rest-assured\json-path\4.3.0\json-path-4.3.0.jar;C:\Users\anujakho\.m2\repository\org\codehaus\groovy\groovy-json\3.0.2\groovy-json-3.0.2.jar;C:\Users\anujakho\.m2\repository\io\rest-assured\rest-assured-common\4.3.0\rest-assured-common-4.3.0.jar;C:\Users\anujakho\.m2\repository\io\rest-assured\xml-path\4.3.0\xml-path-4.3.0.jar;C:\Users\anujakho\.m2\repository\jakarta\xml\bind\jakarta.xml.bind-api\2.3.2\jakarta.xml.bind-api-2.3.2.jar;C:\Users\anujakho\.m2\repository\jakarta\activation\jakarta.activation-api\1.2.1\jakarta.activation-api-1.2.1.jar;C:\Users\anujakho\.m2\repository\com\sun\xml\bind\jaxb-osgi\2.3.0.1\jaxb-osgi-2.3.0.1.jar;C:\Users\anujakho\.m2\repository\org\apache\sling\org.apache.sling.javax.activation\0.1.0\org.apache.sling.javax.activation-0.1.0.jar;C:\Users\anujakho\.m2\repository\javax\activation\activation\1.1.1\activation-1.1.1.jar;C:\Users\anujakho\.m2\repository\io\appium\java-client\7.3.0\java-client-7.3.0.jar;C:\Users\anujakho\.m2\repository\com\google\code\gson\gson\2.8.5\gson-2.8.5.jar;C:\Users\anujakho\.m2\repository\cglib\cglib\3.2.12\cglib-3.2.12.jar;C:\Users\anujakho\.m2\repository\org\ow2\asm\asm\7.1\asm-7.1.jar;C:\Users\anujakho\.m2\repository\commons-validator\commons-validator\1.6\commons-validator-1.6.jar;C:\Users\anujakho\.m2\repository\commons-beanutils\commons-beanutils\1.9.2\commons-beanutils-1.9.2.jar;C:\Users\anujakho\.m2\repository\commons-digester\commons-digester\1.8.1\commons-digester-1.8.1.jar;C:\Users\anujakho\.m2\repository\org\apache\commons\commons-lang3\3.9\commons-lang3-3.9.jar;C:\Users\anujakho\.m2\repository\commons-io\commons-io\2.6\commons-io-2.6.jar;C:\Users\anujakho\.m2\repository\org\springframework\spring-context\5.1.8.RELEASE\spring-context-5.1.8.RELEASE.jar;C:\Users\anujakho\.m2\repository\org\springframework\spring-aop\5.1.8.RELEASE\spring-aop-5.1.8.RELEASE.jar;C:\Users\anujakho\.m2\repository\org\springframework\spring-beans\5.1.8.RELEASE\spring-beans-5.1.8.RELEASE.jar;C:\Users\anujakho\.m2\repository\org\springframework\spring-core\5.1.8.RELEASE\spring-core-5.1.8.RELEASE.jar;C:\Users\anujakho\.m2\repository\org\springframework\spring-jcl\5.1.8.RELEASE\spring-jcl-5.1.8.RELEASE.jar;C:\Users\anujakho\.m2\repository\org\springframework\spring-expression\5.1.8.RELEASE\spring-expression-5.1.8.RELEASE.jar;C:\Users\anujakho\.m2\repository\org\aspectj\aspectjweaver\1.9.4\aspectjweaver-1.9.4.jar;C:\Users\anujakho\.m2\repository\org\slf4j\slf4j-api\1.7.26\slf4j-api-1.7.26.jar;C:\Users\anujakho\.m2\repository\org\apache\poi\poi-ooxml\4.1.2\poi-ooxml-4.1.2.jar;C:\Users\anujakho\.m2\repository\org\apache\poi\poi-ooxml-schemas\4.1.2\poi-ooxml-schemas-4.1.2.jar;C:\Users\anujakho\.m2\repository\org\apache\xmlbeans\xmlbeans\3.1.0\xmlbeans-3.1.0.jar;C:\Users\anujakho\.m2\repository\org\apache\commons\commons-compress\1.19\commons-compress-1.19.jar;C:\Users\anujakho\.m2\repository\com\github\virtuald\curvesapi\1.06\curvesapi-1.06.jar;C:\Users\anujakho\.m2\repository\org\apache\poi\poi\4.1.2\poi-4.1.2.jar;C:\Users\anujakho\.m2\repository\commons-codec\commons-codec\1.13\commons-codec-1.13.jar;C:\Users\anujakho\.m2\repository\org\apache\commons\commons-collections4\4.4\commons-collections4-4.4.jar;C:\Users\anujakho\.m2\repository\org\apache\commons\commons-math3\3.6.1\commons-math3-3.6.1.jar;C:\Users\anujakho\.m2\repository\com\zaxxer\SparseBitSet\1.2\SparseBitSet-1.2.jar;C:\Users\anujakho\.m2\repository\org\apache\logging\log4j\log4j-core\2.13.1\log4j-core-2.13.1.jar;C:\Users\anujakho\.m2\repository\org\apache\logging\log4j\log4j-api\2.13.1\log4j-api-2.13.1.jar;C:\Users\anujakho\.m2\repository\com\aventstack\extentreports\4.1.5\extentreports-4.1.5.jar;C:\Users\anujakho\.m2\repository\org\freemarker\freemarker\2.3.29\freemarker-2.3.29.jar;C:\Users\anujakho\.m2\repository\org\mongodb\mongodb-driver\3.12.0\mongodb-driver-3.12.0.jar;C:\Users\anujakho\.m2\repository\org\mongodb\mongodb-driver-core\3.12.0\mongodb-driver-core-3.12.0.jar;C:\Users\anujakho\.m2\repository\org\mongodb\bson\3.12.0\bson-3.12.0.jar;"/>
    <property name="java.vm.vendor" value="Oracle Corporation"/>
    <property name="sun.arch.data.model" value="64"/>
    <property name="user.variant" value=""/>
    <property name="java.vendor.url" value="http://java.oracle.com/"/>
    <property name="user.timezone" value="Asia/Calcutta"/>
    <property name="java.vm.specification.version" value="1.8"/>
    <property name="os.name" value="Windows 10"/>
    <property name="user.country" value="US"/>
    <property name="sun.java.launcher" value="SUN_STANDARD"/>
    <property name="sun.boot.library.path" value="C:\Program Files\Java\jdk1.8.0_171\jre\bin"/>
    <property name="sun.java.command" value="C:\Users\anujakho\AppData\Local\Temp\surefire822465023039951315\surefirebooter1697769625999138297.jar C:\Users\anujakho\AppData\Local\Temp\surefire822465023039951315 2020-05-07T11-02-10_093-jvmRun1 surefire8111441029508029547tmp surefire_06691584482678765541tmp"/>
    <property name="surefire.test.class.path" value="C:\Users\anujakho\Desktop\Gore Automation\GoreB2BAutomation\target\test-classes;C:\Users\anujakho\Desktop\Gore Automation\GoreB2BAutomation\target\classes;C:\Users\anujakho\.m2\repository\org\seleniumhq\selenium\selenium-java\3.141.59\selenium-java-3.141.59.jar;C:\Users\anujakho\.m2\repository\org\seleniumhq\selenium\selenium-edge-driver\3.141.59\selenium-edge-driver-3.141.59.jar;C:\Users\anujakho\.m2\repository\org\seleniumhq\selenium\selenium-opera-driver\3.141.59\selenium-opera-driver-3.141.59.jar;C:\Users\anujakho\.m2\repository\org\seleniumhq\selenium\selenium-safari-driver\3.141.59\selenium-safari-driver-3.141.59.jar;C:\Users\anujakho\.m2\repository\net\bytebuddy\byte-buddy\1.8.15\byte-buddy-1.8.15.jar;C:\Users\anujakho\.m2\repository\org\apache\commons\commons-exec\1.3\commons-exec-1.3.jar;C:\Users\anujakho\.m2\repository\com\google\guava\guava\25.0-jre\guava-25.0-jre.jar;C:\Users\anujakho\.m2\repository\com\google\code\findbugs\jsr305\1.3.9\jsr305-1.3.9.jar;C:\Users\anujakho\.m2\repository\org\checkerframework\checker-compat-qual\2.0.0\checker-compat-qual-2.0.0.jar;C:\Users\anujakho\.m2\repository\com\google\errorprone\error_prone_annotations\2.1.3\error_prone_annotations-2.1.3.jar;C:\Users\anujakho\.m2\repository\com\google\j2objc\j2objc-annotations\1.1\j2objc-annotations-1.1.jar;C:\Users\anujakho\.m2\repository\org\codehaus\mojo\animal-sniffer-annotations\1.14\animal-sniffer-annotations-1.14.jar;C:\Users\anujakho\.m2\repository\com\squareup\okhttp3\okhttp\3.11.0\okhttp-3.11.0.jar;C:\Users\anujakho\.m2\repository\com\squareup\okio\okio\1.14.0\okio-1.14.0.jar;C:\Users\anujakho\.m2\repository\org\seleniumhq\selenium\selenium-api\3.141.59\selenium-api-3.141.59.jar;C:\Users\anujakho\.m2\repository\org\seleniumhq\selenium\selenium-server\3.141.59\selenium-server-3.141.59.jar;C:\Users\anujakho\.m2\repository\com\beust\jcommander\1.72\jcommander-1.72.jar;C:\Users\anujakho\.m2\repository\net\jcip\jcip-annotations\1.0\jcip-annotations-1.0.jar;C:\Users\anujakho\.m2\repository\org\seleniumhq\selenium\jetty-repacked\9.4.12.v20180830\jetty-repacked-9.4.12.v20180830.jar;C:\Users\anujakho\.m2\repository\javax\servlet\javax.servlet-api\3.1.0\javax.servlet-api-3.1.0.jar;C:\Users\anujakho\.m2\repository\org\yaml\snakeyaml\1.19\snakeyaml-1.19.jar;C:\Users\anujakho\.m2\repository\org\seleniumhq\selenium\selenium-support\3.141.59\selenium-support-3.141.59.jar;C:\Users\anujakho\.m2\repository\org\seleniumhq\selenium\selenium-firefox-driver\3.141.59\selenium-firefox-driver-3.141.59.jar;C:\Users\anujakho\.m2\repository\org\seleniumhq\selenium\selenium-chrome-driver\3.141.59\selenium-chrome-driver-3.141.59.jar;C:\Users\anujakho\.m2\repository\org\seleniumhq\selenium\selenium-remote-driver\3.141.59\selenium-remote-driver-3.141.59.jar;C:\Users\anujakho\.m2\repository\org\seleniumhq\selenium\selenium-htmlunit-driver\2.52.0\selenium-htmlunit-driver-2.52.0.jar;C:\Users\anujakho\.m2\repository\net\sourceforge\htmlunit\htmlunit\2.18\htmlunit-2.18.jar;C:\Users\anujakho\.m2\repository\xalan\xalan\2.7.2\xalan-2.7.2.jar;C:\Users\anujakho\.m2\repository\xalan\serializer\2.7.2\serializer-2.7.2.jar;C:\Users\anujakho\.m2\repository\net\sourceforge\htmlunit\htmlunit-core-js\2.17\htmlunit-core-js-2.17.jar;C:\Users\anujakho\.m2\repository\xerces\xercesImpl\2.11.0\xercesImpl-2.11.0.jar;C:\Users\anujakho\.m2\repository\xml-apis\xml-apis\1.4.01\xml-apis-1.4.01.jar;C:\Users\anujakho\.m2\repository\net\sourceforge\nekohtml\nekohtml\1.9.22\nekohtml-1.9.22.jar;C:\Users\anujakho\.m2\repository\net\sourceforge\cssparser\cssparser\0.9.16\cssparser-0.9.16.jar;C:\Users\anujakho\.m2\repository\org\w3c\css\sac\1.3\sac-1.3.jar;C:\Users\anujakho\.m2\repository\commons-logging\commons-logging\1.2\commons-logging-1.2.jar;C:\Users\anujakho\.m2\repository\org\eclipse\jetty\websocket\websocket-client\9.2.12.v20150709\websocket-client-9.2.12.v20150709.jar;C:\Users\anujakho\.m2\repository\org\eclipse\jetty\jetty-util\9.2.12.v20150709\jetty-util-9.2.12.v20150709.jar;C:\Users\anujakho\.m2\repository\org\eclipse\jetty\jetty-io\9.2.12.v20150709\jetty-io-9.2.12.v20150709.jar;C:\Users\anujakho\.m2\repository\org\eclipse\jetty\websocket\websocket-common\9.2.12.v20150709\websocket-common-9.2.12.v20150709.jar;C:\Users\anujakho\.m2\repository\org\eclipse\jetty\websocket\websocket-api\9.2.12.v20150709\websocket-api-9.2.12.v20150709.jar;C:\Users\anujakho\.m2\repository\commons-collections\commons-collections\3.2.2\commons-collections-3.2.2.jar;C:\Users\anujakho\.m2\repository\org\apache\httpcomponents\httpclient\4.5.1\httpclient-4.5.1.jar;C:\Users\anujakho\.m2\repository\org\apache\httpcomponents\httpcore\4.4.3\httpcore-4.4.3.jar;C:\Users\anujakho\.m2\repository\org\seleniumhq\selenium\selenium-ie-driver\3.141.59\selenium-ie-driver-3.141.59.jar;C:\Users\anujakho\.m2\repository\org\testng\testng\6.9.8\testng-6.9.8.jar;C:\Users\anujakho\.m2\repository\org\beanshell\bsh\2.0b4\bsh-2.0b4.jar;C:\Users\anujakho\.m2\repository\io\rest-assured\rest-assured\4.3.0\rest-assured-4.3.0.jar;C:\Users\anujakho\.m2\repository\org\codehaus\groovy\groovy\3.0.2\groovy-3.0.2.jar;C:\Users\anujakho\.m2\repository\org\codehaus\groovy\groovy-xml\3.0.2\groovy-xml-3.0.2.jar;C:\Users\anujakho\.m2\repository\org\apache\httpcomponents\httpmime\4.5.3\httpmime-4.5.3.jar;C:\Users\anujakho\.m2\repository\org\hamcrest\hamcrest\2.1\hamcrest-2.1.jar;C:\Users\anujakho\.m2\repository\org\ccil\cowan\tagsoup\tagsoup\1.2.1\tagsoup-1.2.1.jar;C:\Users\anujakho\.m2\repository\io\rest-assured\json-path\4.3.0\json-path-4.3.0.jar;C:\Users\anujakho\.m2\repository\org\codehaus\groovy\groovy-json\3.0.2\groovy-json-3.0.2.jar;C:\Users\anujakho\.m2\repository\io\rest-assured\rest-assured-common\4.3.0\rest-assured-common-4.3.0.jar;C:\Users\anujakho\.m2\repository\io\rest-assured\xml-path\4.3.0\xml-path-4.3.0.jar;C:\Users\anujakho\.m2\repository\jakarta\xml\bind\jakarta.xml.bind-api\2.3.2\jakarta.xml.bind-api-2.3.2.jar;C:\Users\anujakho\.m2\repository\jakarta\activation\jakarta.activation-api\1.2.1\jakarta.activation-api-1.2.1.jar;C:\Users\anujakho\.m2\repository\com\sun\xml\bind\jaxb-osgi\2.3.0.1\jaxb-osgi-2.3.0.1.jar;C:\Users\anujakho\.m2\repository\org\apache\sling\org.apache.sling.javax.activation\0.1.0\org.apache.sling.javax.activation-0.1.0.jar;C:\Users\anujakho\.m2\repository\javax\activation\activation\1.1.1\activation-1.1.1.jar;C:\Users\anujakho\.m2\repository\io\appium\java-client\7.3.0\java-client-7.3.0.jar;C:\Users\anujakho\.m2\repository\com\google\code\gson\gson\2.8.5\gson-2.8.5.jar;C:\Users\anujakho\.m2\repository\cglib\cglib\3.2.12\cglib-3.2.12.jar;C:\Users\anujakho\.m2\repository\org\ow2\asm\asm\7.1\asm-7.1.jar;C:\Users\anujakho\.m2\repository\commons-validator\commons-validator\1.6\commons-validator-1.6.jar;C:\Users\anujakho\.m2\repository\commons-beanutils\commons-beanutils\1.9.2\commons-beanutils-1.9.2.jar;C:\Users\anujakho\.m2\repository\commons-digester\commons-digester\1.8.1\commons-digester-1.8.1.jar;C:\Users\anujakho\.m2\repository\org\apache\commons\commons-lang3\3.9\commons-lang3-3.9.jar;C:\Users\anujakho\.m2\repository\commons-io\commons-io\2.6\commons-io-2.6.jar;C:\Users\anujakho\.m2\repository\org\springframework\spring-context\5.1.8.RELEASE\spring-context-5.1.8.RELEASE.jar;C:\Users\anujakho\.m2\repository\org\springframework\spring-aop\5.1.8.RELEASE\spring-aop-5.1.8.RELEASE.jar;C:\Users\anujakho\.m2\repository\org\springframework\spring-beans\5.1.8.RELEASE\spring-beans-5.1.8.RELEASE.jar;C:\Users\anujakho\.m2\repository\org\springframework\spring-core\5.1.8.RELEASE\spring-core-5.1.8.RELEASE.jar;C:\Users\anujakho\.m2\repository\org\springframework\spring-jcl\5.1.8.RELEASE\spring-jcl-5.1.8.RELEASE.jar;C:\Users\anujakho\.m2\repository\org\springframework\spring-expression\5.1.8.RELEASE\spring-expression-5.1.8.RELEASE.jar;C:\Users\anujakho\.m2\repository\org\aspectj\aspectjweaver\1.9.4\aspectjweaver-1.9.4.jar;C:\Users\anujakho\.m2\repository\org\slf4j\slf4j-api\1.7.26\slf4j-api-1.7.26.jar;C:\Users\anujakho\.m2\repository\org\apache\poi\poi-ooxml\4.1.2\poi-ooxml-4.1.2.jar;C:\Users\anujakho\.m2\repository\org\apache\poi\poi-ooxml-schemas\4.1.2\poi-ooxml-schemas-4.1.2.jar;C:\Users\anujakho\.m2\repository\org\apache\xmlbeans\xmlbeans\3.1.0\xmlbeans-3.1.0.jar;C:\Users\anujakho\.m2\repository\org\apache\commons\commons-compress\1.19\commons-compress-1.19.jar;C:\Users\anujakho\.m2\repository\com\github\virtuald\curvesapi\1.06\curvesapi-1.06.jar;C:\Users\anujakho\.m2\repository\org\apache\poi\poi\4.1.2\poi-4.1.2.jar;C:\Users\anujakho\.m2\repository\commons-codec\commons-codec\1.13\commons-codec-1.13.jar;C:\Users\anujakho\.m2\repository\org\apache\commons\commons-collections4\4.4\commons-collections4-4.4.jar;C:\Users\anujakho\.m2\repository\org\apache\commons\commons-math3\3.6.1\commons-math3-3.6.1.jar;C:\Users\anujakho\.m2\repository\com\zaxxer\SparseBitSet\1.2\SparseBitSet-1.2.jar;C:\Users\anujakho\.m2\repository\org\apache\logging\log4j\log4j-core\2.13.1\log4j-core-2.13.1.jar;C:\Users\anujakho\.m2\repository\org\apache\logging\log4j\log4j-api\2.13.1\log4j-api-2.13.1.jar;C:\Users\anujakho\.m2\repository\com\aventstack\extentreports\4.1.5\extentreports-4.1.5.jar;C:\Users\anujakho\.m2\repository\org\freemarker\freemarker\2.3.29\freemarker-2.3.29.jar;C:\Users\anujakho\.m2\repository\org\mongodb\mongodb-driver\3.12.0\mongodb-driver-3.12.0.jar;C:\Users\anujakho\.m2\repository\org\mongodb\mongodb-driver-core\3.12.0\mongodb-driver-core-3.12.0.jar;C:\Users\anujakho\.m2\repository\org\mongodb\bson\3.12.0\bson-3.12.0.jar;"/>
    <property name="sun.cpu.endian" value="little"/>
    <property name="user.home" value="C:\Users\anujakho"/>
    <property name="user.language" value="en"/>
    <property name="java.specification.vendor" value="Oracle Corporation"/>
    <property name="java.home" value="C:\Program Files\Java\jdk1.8.0_171\jre"/>
    <property name="basedir" value="C:\Users\anujakho\Desktop\Gore Automation\GoreB2BAutomation"/>
    <property name="file.separator" value="\"/>
    <property name="line.separator" value="&#10;"/>
    <property name="java.vm.specification.vendor" value="Oracle Corporation"/>
    <property name="java.specification.name" value="Java Platform API Specification"/>
    <property name="java.awt.graphicsenv" value="sun.awt.Win32GraphicsEnvironment"/>
    <property name="surefire.real.class.path" value="C:\Users\anujakho\AppData\Local\Temp\surefire822465023039951315\surefirebooter1697769625999138297.jar"/>
    <property name="sun.boot.class.path" value="C:\Program Files\Java\jdk1.8.0_171\jre\lib\resources.jar;C:\Program Files\Java\jdk1.8.0_171\jre\lib\rt.jar;C:\Program Files\Java\jdk1.8.0_171\jre\lib\sunrsasign.jar;C:\Program Files\Java\jdk1.8.0_171\jre\lib\jsse.jar;C:\Program Files\Java\jdk1.8.0_171\jre\lib\jce.jar;C:\Program Files\Java\jdk1.8.0_171\jre\lib\charsets.jar;C:\Program Files\Java\jdk1.8.0_171\jre\lib\jfr.jar;C:\Program Files\Java\jdk1.8.0_171\jre\classes"/>
    <property name="user.script" value=""/>
    <property name="sun.management.compiler" value="HotSpot 64-Bit Tiered Compilers"/>
    <property name="java.runtime.version" value="1.8.0_171-b11"/>
    <property name="user.name" value="anujakho"/>
    <property name="path.separator" value=";"/>
    <property name="os.version" value="10.0"/>
    <property name="java.endorsed.dirs" value="C:\Program Files\Java\jdk1.8.0_171\jre\lib\endorsed"/>
    <property name="java.runtime.name" value="Java(TM) SE Runtime Environment"/>
    <property name="file.encoding" value="Cp1252"/>
    <property name="java.vm.name" value="Java HotSpot(TM) 64-Bit Server VM"/>
    <property name="localRepository" value="C:\Users\anujakho\.m2\repository"/>
    <property name="java.vendor.url.bug" value="http://bugreport.sun.com/bugreport/"/>
    <property name="java.io.tmpdir" value="C:\Users\anujakho\AppData\Local\Temp\"/>
    <property name="java.version" value="1.8.0_171"/>
    <property name="user.dir" value="C:\Users\anujakho\Desktop\Gore Automation\GoreB2BAutomation"/>
    <property name="os.arch" value="amd64"/>
    <property name="java.vm.specification.name" value="Java Virtual Machine Specification"/>
    <property name="java.awt.printerjob" value="sun.awt.windows.WPrinterJob"/>
    <property name="sun.os.patch.level" value=""/>
    <property name="java.library.path" value="C:\Program Files\Java\jdk1.8.0_171\jre\bin;C:\WINDOWS\Sun\Java\bin;C:\WINDOWS\system32;C:\WINDOWS;C:\Program Files (x86)\Common Files\Oracle\Java\javapath;C:\WINDOWS\system32;C:\WINDOWS;C:\WINDOWS\System32\Wbem;C:\WINDOWS\System32\WindowsPowerShell\v1.0\;C:\Program Files (x86)\Box\Box Edit\;C:\Program Files\Java\jdk1.8.0_171\bin\;C:\Users\anujakho\AppData\Local\Android\android-sdk\tools;C:\WINDOWS\System32\OpenSSH\;C:\Users\anujakho\AppData\Local\Android\android-sdk\platform-tools;C:\Program Files\apache-maven-3.3.9\bin;C:\Program Files\Git\cmd;C:\Program Files\Intel\WiFi\bin\;C:\Program Files\Common Files\Intel\WirelessCommon\;C:\Users\anujakho\AppData\Local\Android\Sdk\tools;C:\Users\anujakho\AppData\Local\Android\Sdk\tools\bin;C:\Users\anujakho\AppData\Local\Android\Sdk\platform-tools;C:\Program Files\TortoiseGit\bin;C:\Program Files\nodejs\;C:\Users\anujakho\AppData\Local\Microsoft\WindowsApps;C:\Program Files\Intel\WiFi\bin\;C:\Program Files\Common Files\Intel\WirelessCommon\;C:\Users\anujakho\AppData\Roaming\npm;."/>
    <property name="java.vm.info" value="mixed mode"/>
    <property name="java.vendor" value="Oracle Corporation"/>
    <property name="java.vm.version" value="25.171-b11"/>
    <property name="java.ext.dirs" value="C:\Program Files\Java\jdk1.8.0_171\jre\lib\ext;C:\WINDOWS\Sun\Java\lib\ext"/>
    <property name="sun.io.unicode.encoding" value="UnicodeLittle"/>
    <property name="java.class.version" value="52.0"/>
  </properties>
  <testcase name="verifyLogin" classname="publicisSapient.testScripts.HomePageTest" time="139.644">
    <failure message="no such element: Unable to locate element: {&quot;method&quot;:&quot;css selector&quot;,&quot;selector&quot;:&quot;[id=&apos;user_email&apos;]&quot;}&#10;  (Session info: headless chrome=81.0.4044.129)&#10;For documentation on this error, please visit: https://www.seleniumhq.org/exceptions/no_such_element.html&#10;Build info: version: &apos;3.141.59&apos;, revision: &apos;e82be7d358&apos;, time: &apos;2018-11-14T08:17:03&apos;&#10;System info: host: &apos;WKWIN6024718&apos;, ip: &apos;192.168.31.244&apos;, os.name: &apos;Windows 10&apos;, os.arch: &apos;amd64&apos;, os.version: &apos;10.0&apos;, java.version: &apos;1.8.0_171&apos;&#10;Driver info: org.openqa.selenium.chrome.ChromeDriver&#10;Capabilities {acceptInsecureCerts: false, browserName: chrome, browserVersion: 81.0.4044.129, chrome: {chromedriverVersion: 81.0.4044.69 (6813546031a4b..., userDataDir: C:\Users\anujakho\AppData\L...}, goog:chromeOptions: {debuggerAddress: localhost:57125}, javascriptEnabled: true, networkConnectionEnabled: false, pageLoadStrategy: normal, platform: WINDOWS, platformName: WINDOWS, proxy: Proxy(), setWindowRect: true, strictFileInteractability: false, timeouts: {implicit: 0, pageLoad: 300000, script: 30000}, unhandledPromptBehavior: dismiss and notify, webauthn:virtualAuthenticators: true}&#10;Session ID: 0830b7d164f8ba1ee4a247c8b82553a4&#10;*** Element info: {Using=css selector, value=[id=&apos;user_email&apos;]}" type="org.openqa.selenium.NoSuchElementException"><![CDATA[org.openqa.selenium.NoSuchElementException: 
no such element: Unable to locate element: {"method":"css selector","selector":"[id='user_email']"}
  (Session info: headless chrome=81.0.4044.129)
For documentation on this error, please visit: https://www.seleniumhq.org/exceptions/no_such_element.html
Build info: version: '3.141.59', revision: 'e82be7d358', time: '2018-11-14T08:17:03'
System info: host: 'WKWIN6024718', ip: '192.168.31.244', os.name: 'Windows 10', os.arch: 'amd64', os.version: '10.0', java.version: '1.8.0_171'
Driver info: org.openqa.selenium.chrome.ChromeDriver
Capabilities {acceptInsecureCerts: false, browserName: chrome, browserVersion: 81.0.4044.129, chrome: {chromedriverVersion: 81.0.4044.69 (6813546031a4b..., userDataDir: C:\Users\anujakho\AppData\L...}, goog:chromeOptions: {debuggerAddress: localhost:57125}, javascriptEnabled: true, networkConnectionEnabled: false, pageLoadStrategy: normal, platform: WINDOWS, platformName: WINDOWS, proxy: Proxy(), setWindowRect: true, strictFileInteractability: false, timeouts: {implicit: 0, pageLoad: 300000, script: 30000}, unhandledPromptBehavior: dismiss and notify, webauthn:virtualAuthenticators: true}
Session ID: 0830b7d164f8ba1ee4a247c8b82553a4
*** Element info: {Using=css selector, value=[id='user_email']}
	at publicisSapient.testScripts.HomePageTest.verifyLogin(HomePageTest.java:34)
]]></failure>
    <system-out><![CDATA[11:02:16.347 [main] INFO  publicisSapient.helper.listeners.Listeners - Regression Test for Class 1 Class Started..
11:02:26.413 [main] INFO  publicisSapient.helper.testBase.TestBase - Initialize Web driver: 1057307776
11:02:26.423 [main] INFO  publicisSapient.helper.WaitHelper - WaitHelper object created..
11:02:26.423 [main] INFO  publicisSapient.helper.WaitHelper - Implicit Wait has been set to: 100
11:02:26.435 [main] INFO  publicisSapient.helper.WaitHelper - waiting for page to load for : SECONDS seconds
11:02:26.465 [main] INFO  publicisSapient.helper.WaitHelper -  page is loaded
11:02:26.490 [main] INFO  publicisSapient.helper.testBase.TestBase - **************verifyLoginStarted***************
11:02:26.491 [main] INFO  publicisSapient.helper.listeners.Listeners - verifyLogin Test Started..
11:02:51.842 [main] INFO  publicisSapient.helper.WaitHelper - WaitHelper object created..
11:02:51.843 [main] INFO  publicisSapient.helper.testBase.TestBase - capturing ui navigation screen...
11:02:51.850 [main] INFO  publicisSapient.helper.JavaScriptHelper - JavaScriptHelper has been initialized
11:02:52.595 [main] INFO  publicisSapient.helper.JavaScriptHelper - JavaScriptHelper has been initialized
11:02:52.663 [main] INFO  publicisSapient.testScripts.HomePageTest - Navigated to homepage
11:02:52.947 [main] INFO  publicisSapient.pageObjects.LandingPage - Pop up displayed and closed
11:03:05.770 [main] INFO  publicisSapient.pageObjects.LandingPage - Login option is clicked
]]></system-out>
    <system-err><![CDATA[May 07, 2020 11:02:16 AM org.openqa.selenium.remote.DesiredCapabilities chrome
INFO: Using `new ChromeOptions()` is preferred to `DesiredCapabilities.chrome()`
Starting ChromeDriver 81.0.4044.69 (6813546031a4bc83f717a2ef7cd4ac6ec1199132-refs/branch-heads/4044@{#776}) on port 27876
Only local connections are allowed.
Please protect ports used by ChromeDriver and related test frameworks to prevent access by malicious code.
May 07, 2020 11:02:26 AM org.openqa.selenium.remote.ProtocolHandshake createSession
INFO: Detected dialect: W3C
[1588829549.688][SEVERE]: Timed out receiving message from renderer: 0.100
[1588829549.799][SEVERE]: Timed out receiving message from renderer: 0.100
[1588829549.913][SEVERE]: Timed out receiving message from renderer: 0.100
[1588829550.024][SEVERE]: Timed out receiving message from renderer: 0.100
[1588829550.153][SEVERE]: Timed out receiving message from renderer: 0.100
[1588829550.331][SEVERE]: Timed out receiving message from renderer: 0.100
[1588829550.451][SEVERE]: Timed out receiving message from renderer: 0.100
[1588829550.567][SEVERE]: Timed out receiving message from renderer: 0.100
[1588829550.670][SEVERE]: Timed out receiving message from renderer: 0.100
[1588829550.772][SEVERE]: Timed out receiving message from renderer: 0.100
[1588829550.875][SEVERE]: Timed out receiving message from renderer: 0.100
[1588829550.979][SEVERE]: Timed out receiving message from renderer: 0.100
[1588829551.084][SEVERE]: Timed out receiving message from renderer: 0.100
[1588829551.199][SEVERE]: Timed out receiving message from renderer: 0.100
[1588829551.321][SEVERE]: Timed out receiving message from renderer: 0.100
[1588829551.432][SEVERE]: Timed out receiving message from renderer: 0.100
[1588829551.533][SEVERE]: Timed out receiving message from renderer: 0.100
[1588829551.636][SEVERE]: Timed out receiving message from renderer: 0.100
[1588829551.852][SEVERE]: Timed out receiving message from renderer: 0.100
[1588829551.954][SEVERE]: Timed out receiving message from renderer: 0.100
[1588829552.062][SEVERE]: Timed out receiving message from renderer: 0.100
[1588829552.167][SEVERE]: Timed out receiving message from renderer: 0.100
[1588829552.269][SEVERE]: Timed out receiving message from renderer: 0.100
[1588829552.374][SEVERE]: Timed out receiving message from renderer: 0.100
[1588829552.479][SEVERE]: Timed out receiving message from renderer: 0.100
[1588829552.582][SEVERE]: Timed out receiving message from renderer: 0.100
[1588829552.685][SEVERE]: Timed out receiving message from renderer: 0.100
[1588829552.792][SEVERE]: Timed out receiving message from renderer: 0.100
[1588829552.908][SEVERE]: Timed out receiving message from renderer: 0.100
[1588829553.011][SEVERE]: Timed out receiving message from renderer: 0.100
[1588829553.115][SEVERE]: Timed out receiving message from renderer: 0.100
[1588829553.221][SEVERE]: Timed out receiving message from renderer: 0.100
[1588829553.324][SEVERE]: Timed out receiving message from renderer: 0.100
[1588829553.429][SEVERE]: Timed out receiving message from renderer: 0.100
[1588829553.532][SEVERE]: Timed out receiving message from renderer: 0.100
[1588829553.635][SEVERE]: Timed out receiving message from renderer: 0.100
[1588829553.737][SEVERE]: Timed out receiving message from renderer: 0.100
[1588829553.839][SEVERE]: Timed out receiving message from renderer: 0.100
[1588829553.942][SEVERE]: Timed out receiving message from renderer: 0.100
[1588829554.048][SEVERE]: Timed out receiving message from renderer: 0.100
[1588829554.151][SEVERE]: Timed out receiving message from renderer: 0.100
[1588829554.253][SEVERE]: Timed out receiving message from renderer: 0.100
[1588829554.356][SEVERE]: Timed out receiving message from renderer: 0.100
[1588829554.464][SEVERE]: Timed out receiving message from renderer: 0.100
[1588829554.567][SEVERE]: Timed out receiving message from renderer: 0.100
[1588829554.669][SEVERE]: Timed out receiving message from renderer: 0.100
[1588829554.869][SEVERE]: Timed out receiving message from renderer: 0.100
[1588829554.971][SEVERE]: Timed out receiving message from renderer: 0.100
[1588829555.078][SEVERE]: Timed out receiving message from renderer: 0.100
[1588829555.181][SEVERE]: Timed out receiving message from renderer: 0.100
[1588829555.282][SEVERE]: Timed out receiving message from renderer: 0.100
[1588829555.584][SEVERE]: Timed out receiving message from renderer: 0.100
[1588829555.685][SEVERE]: Timed out receiving message from renderer: 0.100
[1588829555.787][SEVERE]: Timed out receiving message from renderer: 0.100
[1588829555.891][SEVERE]: Timed out receiving message from renderer: 0.100
[1588829555.993][SEVERE]: Timed out receiving message from renderer: 0.100
[1588829556.151][SEVERE]: Timed out receiving message from renderer: 0.100
[1588829556.254][SEVERE]: Timed out receiving message from renderer: 0.100
[1588829556.358][SEVERE]: Timed out receiving message from renderer: 0.100
[1588829556.460][SEVERE]: Timed out receiving message from renderer: 0.100
[1588829556.564][SEVERE]: Timed out receiving message from renderer: 0.100
[1588829556.668][SEVERE]: Timed out receiving message from renderer: 0.100
[1588829556.770][SEVERE]: Timed out receiving message from renderer: 0.100
[1588829556.872][SEVERE]: Timed out receiving message from renderer: 0.100
[1588829557.263][SEVERE]: Timed out receiving message from renderer: 0.100
[1588829557.367][SEVERE]: Timed out receiving message from renderer: 0.100
[1588829557.483][SEVERE]: Timed out receiving message from renderer: 0.100
[1588829557.591][SEVERE]: Timed out receiving message from renderer: 0.100
[1588829557.780][SEVERE]: Timed out receiving message from renderer: 0.100
[1588829557.916][SEVERE]: Timed out receiving message from renderer: 0.100
[1588829558.021][SEVERE]: Timed out receiving message from renderer: 0.100
[1588829558.127][SEVERE]: Timed out receiving message from renderer: 0.100
[1588829558.230][SEVERE]: Timed out receiving message from renderer: 0.100
[1588829558.331][SEVERE]: Timed out receiving message from renderer: 0.100
[1588829558.434][SEVERE]: Timed out receiving message from renderer: 0.100
[1588829558.537][SEVERE]: Timed out receiving message from renderer: 0.100
[1588829558.638][SEVERE]: Timed out receiving message from renderer: 0.100
[1588829558.742][SEVERE]: Timed out receiving message from renderer: 0.100
[1588829558.844][SEVERE]: Timed out receiving message from renderer: 0.100
[1588829558.947][SEVERE]: Timed out receiving message from renderer: 0.100
[1588829559.054][SEVERE]: Timed out receiving message from renderer: 0.100
[1588829559.157][SEVERE]: Timed out receiving message from renderer: 0.100
[1588829559.264][SEVERE]: Timed out receiving message from renderer: 0.100
[1588829559.384][SEVERE]: Timed out receiving message from renderer: 0.100
[1588829559.488][SEVERE]: Timed out receiving message from renderer: 0.100
[1588829559.597][SEVERE]: Timed out receiving message from renderer: 0.100
[1588829559.702][SEVERE]: Timed out receiving message from renderer: 0.100
[1588829559.807][SEVERE]: Timed out receiving message from renderer: 0.100
[1588829559.925][SEVERE]: Timed out receiving message from renderer: 0.100
[1588829560.027][SEVERE]: Timed out receiving message from renderer: 0.100
[1588829560.129][SEVERE]: Timed out receiving message from renderer: 0.100
[1588829560.231][SEVERE]: Timed out receiving message from renderer: 0.100
[1588829560.336][SEVERE]: Timed out receiving message from renderer: 0.100
[1588829560.439][SEVERE]: Timed out receiving message from renderer: 0.100
[1588829560.542][SEVERE]: Timed out receiving message from renderer: 0.100
[1588829560.644][SEVERE]: Timed out receiving message from renderer: 0.100
[1588829560.821][SEVERE]: Timed out receiving message from renderer: 0.100
[1588829561.274][SEVERE]: Timed out receiving message from renderer: 0.100
[1588829561.377][SEVERE]: Timed out receiving message from renderer: 0.100
[1588829561.562][SEVERE]: Timed out receiving message from renderer: 0.100
[1588829561.968][SEVERE]: Timed out receiving message from renderer: 0.100
[1588829562.070][SEVERE]: Timed out receiving message from renderer: 0.100
[1588829562.174][SEVERE]: Timed out receiving message from renderer: 0.100
[1588829562.277][SEVERE]: Timed out receiving message from renderer: 0.100
[1588829562.380][SEVERE]: Timed out receiving message from renderer: 0.100
[1588829562.484][SEVERE]: Timed out receiving message from renderer: 0.100
[1588829562.593][SEVERE]: Timed out receiving message from renderer: 0.100
[1588829562.701][SEVERE]: Timed out receiving message from renderer: 0.100
[1588829562.804][SEVERE]: Timed out receiving message from renderer: 0.100
[1588829562.909][SEVERE]: Timed out receiving message from renderer: 0.100
[1588829563.012][SEVERE]: Timed out receiving message from renderer: 0.100
[1588829563.117][SEVERE]: Timed out receiving message from renderer: 0.100
[1588829563.221][SEVERE]: Timed out receiving message from renderer: 0.100
[1588829563.323][SEVERE]: Timed out receiving message from renderer: 0.100
[1588829563.591][SEVERE]: Timed out receiving message from renderer: 0.100
[1588829563.694][SEVERE]: Timed out receiving message from renderer: 0.100
[1588829563.797][SEVERE]: Timed out receiving message from renderer: 0.100
[1588829563.899][SEVERE]: Timed out receiving message from renderer: 0.100
[1588829564.001][SEVERE]: Timed out receiving message from renderer: 0.100
[1588829564.110][SEVERE]: Timed out receiving message from renderer: 0.100
[1588829564.232][SEVERE]: Timed out receiving message from renderer: 0.100
[1588829564.335][SEVERE]: Timed out receiving message from renderer: 0.100
[1588829564.442][SEVERE]: Timed out receiving message from renderer: 0.100
[1588829564.544][SEVERE]: Timed out receiving message from renderer: 0.100
[1588829564.647][SEVERE]: Timed out receiving message from renderer: 0.100
[1588829564.748][SEVERE]: Timed out receiving message from renderer: 0.100
[1588829564.851][SEVERE]: Timed out receiving message from renderer: 0.100
[1588829564.954][SEVERE]: Timed out receiving message from renderer: 0.100
[1588829565.070][SEVERE]: Timed out receiving message from renderer: 0.100
[1588829565.172][SEVERE]: Timed out receiving message from renderer: 0.100
[1588829565.274][SEVERE]: Timed out receiving message from renderer: 0.100
[1588829565.376][SEVERE]: Timed out receiving message from renderer: 0.100
[1588829565.479][SEVERE]: Timed out receiving message from renderer: 0.100
[1588829565.581][SEVERE]: Timed out receiving message from renderer: 0.100
[1588829565.688][SEVERE]: Timed out receiving message from renderer: 0.100
[1588829565.790][SEVERE]: Timed out receiving message from renderer: 0.100
[1588829565.894][SEVERE]: Timed out receiving message from renderer: 0.100
[1588829565.999][SEVERE]: Timed out receiving message from renderer: 0.100
[1588829566.100][SEVERE]: Timed out receiving message from renderer: 0.100
[1588829566.202][SEVERE]: Timed out receiving message from renderer: 0.100
[1588829566.305][SEVERE]: Timed out receiving message from renderer: 0.100
[1588829566.421][SEVERE]: Timed out receiving message from renderer: 0.100
[1588829566.525][SEVERE]: Timed out receiving message from renderer: 0.100
[1588829566.633][SEVERE]: Timed out receiving message from renderer: 0.100
[1588829566.735][SEVERE]: Timed out receiving message from renderer: 0.100
[1588829566.838][SEVERE]: Timed out receiving message from renderer: 0.100
[1588829566.940][SEVERE]: Timed out receiving message from renderer: 0.100
[1588829567.059][SEVERE]: Timed out receiving message from renderer: 0.100
[1588829567.166][SEVERE]: Timed out receiving message from renderer: 0.100
[1588829567.268][SEVERE]: Timed out receiving message from renderer: 0.100
[1588829567.370][SEVERE]: Timed out receiving message from renderer: 0.100
[1588829567.482][SEVERE]: Timed out receiving message from renderer: 0.100
[1588829567.583][SEVERE]: Timed out receiving message from renderer: 0.100
[1588829567.685][SEVERE]: Timed out receiving message from renderer: 0.100
[1588829567.789][SEVERE]: Timed out receiving message from renderer: 0.100
[1588829567.893][SEVERE]: Timed out receiving message from renderer: 0.100
[1588829568.011][SEVERE]: Timed out receiving message from renderer: 0.100
[1588829568.113][SEVERE]: Timed out receiving message from renderer: 0.100
[1588829568.216][SEVERE]: Timed out receiving message from renderer: 0.100
[1588829568.318][SEVERE]: Timed out receiving message from renderer: 0.100
[1588829568.420][SEVERE]: Timed out receiving message from renderer: 0.100
[1588829568.528][SEVERE]: Timed out receiving message from renderer: 0.100
[1588829568.633][SEVERE]: Timed out receiving message from renderer: 0.100
[1588829568.739][SEVERE]: Timed out receiving message from renderer: 0.100
[1588829568.840][SEVERE]: Timed out receiving message from renderer: 0.100
[1588829568.943][SEVERE]: Timed out receiving message from renderer: 0.100
[1588829569.046][SEVERE]: Timed out receiving message from renderer: 0.100
[1588829569.148][SEVERE]: Timed out receiving message from renderer: 0.100
[1588829569.252][SEVERE]: Timed out receiving message from renderer: 0.100
[1588829569.355][SEVERE]: Timed out receiving message from renderer: 0.100
[1588829569.460][SEVERE]: Timed out receiving message from renderer: 0.100
[1588829569.563][SEVERE]: Timed out receiving message from renderer: 0.100
[1588829569.666][SEVERE]: Timed out receiving message from renderer: 0.100
[1588829569.775][SEVERE]: Timed out receiving message from renderer: 0.100
[1588829569.882][SEVERE]: Timed out receiving message from renderer: 0.100
[1588829569.987][SEVERE]: Timed out receiving message from renderer: 0.100
[1588829570.089][SEVERE]: Timed out receiving message from renderer: 0.100
[1588829570.191][SEVERE]: Timed out receiving message from renderer: 0.100
[1588829570.295][SEVERE]: Timed out receiving message from renderer: 0.100
[1588829570.397][SEVERE]: Timed out receiving message from renderer: 0.100
[1588829570.498][SEVERE]: Timed out receiving message from renderer: 0.100
[1588829570.603][SEVERE]: Timed out receiving message from renderer: 0.100
[1588829570.705][SEVERE]: Timed out receiving message from renderer: 0.100
[1588829570.808][SEVERE]: Timed out receiving message from renderer: 0.100
[1588829570.909][SEVERE]: Timed out receiving message from renderer: 0.100
[1588829571.015][SEVERE]: Timed out receiving message from renderer: 0.100
[1588829571.117][SEVERE]: Timed out receiving message from renderer: 0.100
[1588829571.219][SEVERE]: Timed out receiving message from renderer: 0.100
[1588829571.323][SEVERE]: Timed out receiving message from renderer: 0.100
[1588829571.425][SEVERE]: Timed out receiving message from renderer: 0.100
[1588829571.528][SEVERE]: Timed out receiving message from renderer: 0.100
[1588829571.629][SEVERE]: Timed out receiving message from renderer: 0.100
[1588829571.731][SEVERE]: Timed out receiving message from renderer: 0.100
]]></system-err>
  </testcase>
  <testcase name="verifyLogin" classname="publicisSapient.testScripts.HomePageTest" time="125.834">
    <failure message="no such element: Unable to locate element: {&quot;method&quot;:&quot;css selector&quot;,&quot;selector&quot;:&quot;[id=&apos;user_email&apos;]&quot;}&#10;  (Session info: headless chrome=81.0.4044.129)&#10;For documentation on this error, please visit: https://www.seleniumhq.org/exceptions/no_such_element.html&#10;Build info: version: &apos;3.141.59&apos;, revision: &apos;e82be7d358&apos;, time: &apos;2018-11-14T08:17:03&apos;&#10;System info: host: &apos;WKWIN6024718&apos;, ip: &apos;192.168.31.244&apos;, os.name: &apos;Windows 10&apos;, os.arch: &apos;amd64&apos;, os.version: &apos;10.0&apos;, java.version: &apos;1.8.0_171&apos;&#10;Driver info: org.openqa.selenium.chrome.ChromeDriver&#10;Capabilities {acceptInsecureCerts: false, browserName: chrome, browserVersion: 81.0.4044.129, chrome: {chromedriverVersion: 81.0.4044.69 (6813546031a4b..., userDataDir: C:\Users\anujakho\AppData\L...}, goog:chromeOptions: {debuggerAddress: localhost:57125}, javascriptEnabled: true, networkConnectionEnabled: false, pageLoadStrategy: normal, platform: WINDOWS, platformName: WINDOWS, proxy: Proxy(), setWindowRect: true, strictFileInteractability: false, timeouts: {implicit: 0, pageLoad: 300000, script: 30000}, unhandledPromptBehavior: dismiss and notify, webauthn:virtualAuthenticators: true}&#10;Session ID: 0830b7d164f8ba1ee4a247c8b82553a4&#10;*** Element info: {Using=css selector, value=[id=&apos;user_email&apos;]}" type="org.openqa.selenium.NoSuchElementException"><![CDATA[org.openqa.selenium.NoSuchElementException: 
no such element: Unable to locate element: {"method":"css selector","selector":"[id='user_email']"}
  (Session info: headless chrome=81.0.4044.129)
For documentation on this error, please visit: https://www.seleniumhq.org/exceptions/no_such_element.html
Build info: version: '3.141.59', revision: 'e82be7d358', time: '2018-11-14T08:17:03'
System info: host: 'WKWIN6024718', ip: '192.168.31.244', os.name: 'Windows 10', os.arch: 'amd64', os.version: '10.0', java.version: '1.8.0_171'
Driver info: org.openqa.selenium.chrome.ChromeDriver
Capabilities {acceptInsecureCerts: false, browserName: chrome, browserVersion: 81.0.4044.129, chrome: {chromedriverVersion: 81.0.4044.69 (6813546031a4b..., userDataDir: C:\Users\anujakho\AppData\L...}, goog:chromeOptions: {debuggerAddress: localhost:57125}, javascriptEnabled: true, networkConnectionEnabled: false, pageLoadStrategy: normal, platform: WINDOWS, platformName: WINDOWS, proxy: Proxy(), setWindowRect: true, strictFileInteractability: false, timeouts: {implicit: 0, pageLoad: 300000, script: 30000}, unhandledPromptBehavior: dismiss and notify, webauthn:virtualAuthenticators: true}
Session ID: 0830b7d164f8ba1ee4a247c8b82553a4
*** Element info: {Using=css selector, value=[id='user_email']}
	at publicisSapient.testScripts.HomePageTest.verifyLogin(HomePageTest.java:34)
]]></failure>
    <system-out><![CDATA[11:04:46.130 [main] ERROR publicisSapient.helper.listeners.Listeners - verifyLogin Test Failed..org.openqa.selenium.NoSuchElementException: no such element: Unable to locate element: {"method":"css selector","selector":"[id='user_email']"}
  (Session info: headless chrome=81.0.4044.129)
For documentation on this error, please visit: https://www.seleniumhq.org/exceptions/no_such_element.html
Build info: version: '3.141.59', revision: 'e82be7d358', time: '2018-11-14T08:17:03'
System info: host: 'WKWIN6024718', ip: '192.168.31.244', os.name: 'Windows 10', os.arch: 'amd64', os.version: '10.0', java.version: '1.8.0_171'
Driver info: org.openqa.selenium.chrome.ChromeDriver
Capabilities {acceptInsecureCerts: false, browserName: chrome, browserVersion: 81.0.4044.129, chrome: {chromedriverVersion: 81.0.4044.69 (6813546031a4b..., userDataDir: C:\Users\anujakho\AppData\L...}, goog:chromeOptions: {debuggerAddress: localhost:57125}, javascriptEnabled: true, networkConnectionEnabled: false, pageLoadStrategy: normal, platform: WINDOWS, platformName: WINDOWS, proxy: Proxy(), setWindowRect: true, strictFileInteractability: false, timeouts: {implicit: 0, pageLoad: 300000, script: 30000}, unhandledPromptBehavior: dismiss and notify, webauthn:virtualAuthenticators: true}
Session ID: 0830b7d164f8ba1ee4a247c8b82553a4
*** Element info: {Using=css selector, value=[id='user_email']}
11:04:46.405 [main] INFO  publicisSapient.helper.testBase.TestBase - **************verifyLoginFinished***************
11:04:47.872 [main] INFO  publicisSapient.helper.testBase.TestBase - **************verifyLoginStarted***************
11:04:47.874 [main] INFO  publicisSapient.helper.listeners.Listeners - verifyLogin Test Started..
11:04:59.769 [main] INFO  publicisSapient.helper.WaitHelper - WaitHelper object created..
11:04:59.771 [main] INFO  publicisSapient.helper.testBase.TestBase - capturing ui navigation screen...
11:04:59.771 [main] INFO  publicisSapient.helper.JavaScriptHelper - JavaScriptHelper has been initialized
11:05:00.428 [main] INFO  publicisSapient.helper.JavaScriptHelper - JavaScriptHelper has been initialized
11:05:00.542 [main] INFO  publicisSapient.testScripts.HomePageTest - Navigated to homepage
11:05:00.765 [main] INFO  publicisSapient.pageObjects.LandingPage - Pop up displayed and closed
11:05:13.663 [main] INFO  publicisSapient.pageObjects.LandingPage - Login option is clicked
]]></system-out>
    <system-err><![CDATA[[1588829688.452][SEVERE]: Timed out receiving message from renderer: 0.100
[1588829688.556][SEVERE]: Timed out receiving message from renderer: 0.100
[1588829689.451][SEVERE]: Timed out receiving message from renderer: 0.100
[1588829689.572][SEVERE]: Timed out receiving message from renderer: 0.100
[1588829689.785][SEVERE]: Timed out receiving message from renderer: 0.100
[1588829690.117][SEVERE]: Timed out receiving message from renderer: 0.100
[1588829690.219][SEVERE]: Timed out receiving message from renderer: 0.100
[1588829690.323][SEVERE]: Timed out receiving message from renderer: 0.100
[1588829690.776][SEVERE]: Timed out receiving message from renderer: 0.100
[1588829690.942][SEVERE]: Timed out receiving message from renderer: 0.100
[1588829691.046][SEVERE]: Timed out receiving message from renderer: 0.100
[1588829691.148][SEVERE]: Timed out receiving message from renderer: 0.100
[1588829691.250][SEVERE]: Timed out receiving message from renderer: 0.100
[1588829691.352][SEVERE]: Timed out receiving message from renderer: 0.100
[1588829691.454][SEVERE]: Timed out receiving message from renderer: 0.100
[1588829691.557][SEVERE]: Timed out receiving message from renderer: 0.100
[1588829691.669][SEVERE]: Timed out receiving message from renderer: 0.100
[1588829691.772][SEVERE]: Timed out receiving message from renderer: 0.100
[1588829691.888][SEVERE]: Timed out receiving message from renderer: 0.100
[1588829691.994][SEVERE]: Timed out receiving message from renderer: 0.100
[1588829692.098][SEVERE]: Timed out receiving message from renderer: 0.100
[1588829692.208][SEVERE]: Timed out receiving message from renderer: 0.100
[1588829692.314][SEVERE]: Timed out receiving message from renderer: 0.100
[1588829692.416][SEVERE]: Timed out receiving message from renderer: 0.100
[1588829692.517][SEVERE]: Timed out receiving message from renderer: 0.100
[1588829692.620][SEVERE]: Timed out receiving message from renderer: 0.100
[1588829692.721][SEVERE]: Timed out receiving message from renderer: 0.100
[1588829692.824][SEVERE]: Timed out receiving message from renderer: 0.100
[1588829692.934][SEVERE]: Timed out receiving message from renderer: 0.100
[1588829693.050][SEVERE]: Timed out receiving message from renderer: 0.100
[1588829693.155][SEVERE]: Timed out receiving message from renderer: 0.100
[1588829693.283][SEVERE]: Timed out receiving message from renderer: 0.100
[1588829693.392][SEVERE]: Timed out receiving message from renderer: 0.100
[1588829693.496][SEVERE]: Timed out receiving message from renderer: 0.100
[1588829693.598][SEVERE]: Timed out receiving message from renderer: 0.100
[1588829693.710][SEVERE]: Timed out receiving message from renderer: 0.100
[1588829693.825][SEVERE]: Timed out receiving message from renderer: 0.100
[1588829693.928][SEVERE]: Timed out receiving message from renderer: 0.100
[1588829694.032][SEVERE]: Timed out receiving message from renderer: 0.100
[1588829694.134][SEVERE]: Timed out receiving message from renderer: 0.100
[1588829694.236][SEVERE]: Timed out receiving message from renderer: 0.100
[1588829694.338][SEVERE]: Timed out receiving message from renderer: 0.100
[1588829694.441][SEVERE]: Timed out receiving message from renderer: 0.100
[1588829694.544][SEVERE]: Timed out receiving message from renderer: 0.100
[1588829694.648][SEVERE]: Timed out receiving message from renderer: 0.100
[1588829694.750][SEVERE]: Timed out receiving message from renderer: 0.100
[1588829694.851][SEVERE]: Timed out receiving message from renderer: 0.100
[1588829694.954][SEVERE]: Timed out receiving message from renderer: 0.100
[1588829695.055][SEVERE]: Timed out receiving message from renderer: 0.100
[1588829695.158][SEVERE]: Timed out receiving message from renderer: 0.100
[1588829695.259][SEVERE]: Timed out receiving message from renderer: 0.100
[1588829695.365][SEVERE]: Timed out receiving message from renderer: 0.100
[1588829695.477][SEVERE]: Timed out receiving message from renderer: 0.100
[1588829695.580][SEVERE]: Timed out receiving message from renderer: 0.100
[1588829695.682][SEVERE]: Timed out receiving message from renderer: 0.100
[1588829695.783][SEVERE]: Timed out receiving message from renderer: 0.100
[1588829695.885][SEVERE]: Timed out receiving message from renderer: 0.100
[1588829695.994][SEVERE]: Timed out receiving message from renderer: 0.100
[1588829696.107][SEVERE]: Timed out receiving message from renderer: 0.100
[1588829696.209][SEVERE]: Timed out receiving message from renderer: 0.100
[1588829696.311][SEVERE]: Timed out receiving message from renderer: 0.100
[1588829696.415][SEVERE]: Timed out receiving message from renderer: 0.100
[1588829696.516][SEVERE]: Timed out receiving message from renderer: 0.100
[1588829696.619][SEVERE]: Timed out receiving message from renderer: 0.100
[1588829696.881][SEVERE]: Timed out receiving message from renderer: 0.100
[1588829696.993][SEVERE]: Timed out receiving message from renderer: 0.100
[1588829697.095][SEVERE]: Timed out receiving message from renderer: 0.100
[1588829697.205][SEVERE]: Timed out receiving message from renderer: 0.100
[1588829697.308][SEVERE]: Timed out receiving message from renderer: 0.100
[1588829697.410][SEVERE]: Timed out receiving message from renderer: 0.100
[1588829697.512][SEVERE]: Timed out receiving message from renderer: 0.100
[1588829697.614][SEVERE]: Timed out receiving message from renderer: 0.100
[1588829697.715][SEVERE]: Timed out receiving message from renderer: 0.100
[1588829697.819][SEVERE]: Timed out receiving message from renderer: 0.100
[1588829697.921][SEVERE]: Timed out receiving message from renderer: 0.100
[1588829698.022][SEVERE]: Timed out receiving message from renderer: 0.100
[1588829698.125][SEVERE]: Timed out receiving message from renderer: 0.100
[1588829698.228][SEVERE]: Timed out receiving message from renderer: 0.100
[1588829698.333][SEVERE]: Timed out receiving message from renderer: 0.100
[1588829698.435][SEVERE]: Timed out receiving message from renderer: 0.100
[1588829698.538][SEVERE]: Timed out receiving message from renderer: 0.100
[1588829698.644][SEVERE]: Timed out receiving message from renderer: 0.100
[1588829698.748][SEVERE]: Timed out receiving message from renderer: 0.100
[1588829698.851][SEVERE]: Timed out receiving message from renderer: 0.100
[1588829698.954][SEVERE]: Timed out receiving message from renderer: 0.100
[1588829699.058][SEVERE]: Timed out receiving message from renderer: 0.100
[1588829699.160][SEVERE]: Timed out receiving message from renderer: 0.100
[1588829699.277][SEVERE]: Timed out receiving message from renderer: 0.100
[1588829699.408][SEVERE]: Timed out receiving message from renderer: 0.100
[1588829699.510][SEVERE]: Timed out receiving message from renderer: 0.100
[1588829699.612][SEVERE]: Timed out receiving message from renderer: 0.100
[1588829699.725][SEVERE]: Timed out receiving message from renderer: 0.100
[1588829702.732][SEVERE]: Timed out receiving message from renderer: 0.100
[1588829702.836][SEVERE]: Timed out receiving message from renderer: 0.100
[1588829702.942][SEVERE]: Timed out receiving message from renderer: 0.100
[1588829703.044][SEVERE]: Timed out receiving message from renderer: 0.100
[1588829703.146][SEVERE]: Timed out receiving message from renderer: 0.100
[1588829703.248][SEVERE]: Timed out receiving message from renderer: 0.100
[1588829703.350][SEVERE]: Timed out receiving message from renderer: 0.100
[1588829703.453][SEVERE]: Timed out receiving message from renderer: 0.100
[1588829703.554][SEVERE]: Timed out receiving message from renderer: 0.100
[1588829703.656][SEVERE]: Timed out receiving message from renderer: 0.100
[1588829703.770][SEVERE]: Timed out receiving message from renderer: 0.100
[1588829703.879][SEVERE]: Timed out receiving message from renderer: 0.100
[1588829703.981][SEVERE]: Timed out receiving message from renderer: 0.100
[1588829704.083][SEVERE]: Timed out receiving message from renderer: 0.100
[1588829704.184][SEVERE]: Timed out receiving message from renderer: 0.100
[1588829704.287][SEVERE]: Timed out receiving message from renderer: 0.100
[1588829704.390][SEVERE]: Timed out receiving message from renderer: 0.100
[1588829704.491][SEVERE]: Timed out receiving message from renderer: 0.100
[1588829704.602][SEVERE]: Timed out receiving message from renderer: 0.100
[1588829704.704][SEVERE]: Timed out receiving message from renderer: 0.100
[1588829704.807][SEVERE]: Timed out receiving message from renderer: 0.100
[1588829704.910][SEVERE]: Timed out receiving message from renderer: 0.100
[1588829705.012][SEVERE]: Timed out receiving message from renderer: 0.100
[1588829705.114][SEVERE]: Timed out receiving message from renderer: 0.100
[1588829705.216][SEVERE]: Timed out receiving message from renderer: 0.100
[1588829705.318][SEVERE]: Timed out receiving message from renderer: 0.100
[1588829705.420][SEVERE]: Timed out receiving message from renderer: 0.100
[1588829705.521][SEVERE]: Timed out receiving message from renderer: 0.100
[1588829705.623][SEVERE]: Timed out receiving message from renderer: 0.100
[1588829705.726][SEVERE]: Timed out receiving message from renderer: 0.100
[1588829705.828][SEVERE]: Timed out receiving message from renderer: 0.100
[1588829705.932][SEVERE]: Timed out receiving message from renderer: 0.100
[1588829706.033][SEVERE]: Timed out receiving message from renderer: 0.100
[1588829706.135][SEVERE]: Timed out receiving message from renderer: 0.100
[1588829706.237][SEVERE]: Timed out receiving message from renderer: 0.100
[1588829706.340][SEVERE]: Timed out receiving message from renderer: 0.100
[1588829706.443][SEVERE]: Timed out receiving message from renderer: 0.100
[1588829706.545][SEVERE]: Timed out receiving message from renderer: 0.100
[1588829706.646][SEVERE]: Timed out receiving message from renderer: 0.100
[1588829706.748][SEVERE]: Timed out receiving message from renderer: 0.100
[1588829706.850][SEVERE]: Timed out receiving message from renderer: 0.100
[1588829706.952][SEVERE]: Timed out receiving message from renderer: 0.100
[1588829707.054][SEVERE]: Timed out receiving message from renderer: 0.100
[1588829707.156][SEVERE]: Timed out receiving message from renderer: 0.100
[1588829707.273][SEVERE]: Timed out receiving message from renderer: 0.100
[1588829707.379][SEVERE]: Timed out receiving message from renderer: 0.100
[1588829707.497][SEVERE]: Timed out receiving message from renderer: 0.100
[1588829707.599][SEVERE]: Timed out receiving message from renderer: 0.100
[1588829707.700][SEVERE]: Timed out receiving message from renderer: 0.100
[1588829707.802][SEVERE]: Timed out receiving message from renderer: 0.100
[1588829707.904][SEVERE]: Timed out receiving message from renderer: 0.100
[1588829708.007][SEVERE]: Timed out receiving message from renderer: 0.100
[1588829708.108][SEVERE]: Timed out receiving message from renderer: 0.100
[1588829708.210][SEVERE]: Timed out receiving message from renderer: 0.100
[1588829708.312][SEVERE]: Timed out receiving message from renderer: 0.100
[1588829708.421][SEVERE]: Timed out receiving message from renderer: 0.100
[1588829708.526][SEVERE]: Timed out receiving message from renderer: 0.100
[1588829708.628][SEVERE]: Timed out receiving message from renderer: 0.100
[1588829708.734][SEVERE]: Timed out receiving message from renderer: 0.100
[1588829708.837][SEVERE]: Timed out receiving message from renderer: 0.100
[1588829708.939][SEVERE]: Timed out receiving message from renderer: 0.100
[1588829709.042][SEVERE]: Timed out receiving message from renderer: 0.100
[1588829709.143][SEVERE]: Timed out receiving message from renderer: 0.100
[1588829709.248][SEVERE]: Timed out receiving message from renderer: 0.100
[1588829709.356][SEVERE]: Timed out receiving message from renderer: 0.100
[1588829709.459][SEVERE]: Timed out receiving message from renderer: 0.100
[1588829709.561][SEVERE]: Timed out receiving message from renderer: 0.100
[1588829709.664][SEVERE]: Timed out receiving message from renderer: 0.100
[1588829709.772][SEVERE]: Timed out receiving message from renderer: 0.100
[1588829709.888][SEVERE]: Timed out receiving message from renderer: 0.100
[1588829709.992][SEVERE]: Timed out receiving message from renderer: 0.100
[1588829710.096][SEVERE]: Timed out receiving message from renderer: 0.100
[1588829710.210][SEVERE]: Timed out receiving message from renderer: 0.100
[1588829710.324][SEVERE]: Timed out receiving message from renderer: 0.100
[1588829710.426][SEVERE]: Timed out receiving message from renderer: 0.100
[1588829710.529][SEVERE]: Timed out receiving message from renderer: 0.100
[1588829710.642][SEVERE]: Timed out receiving message from renderer: 0.100
[1588829710.747][SEVERE]: Timed out receiving message from renderer: 0.100
[1588829710.851][SEVERE]: Timed out receiving message from renderer: 0.100
[1588829710.955][SEVERE]: Timed out receiving message from renderer: 0.100
[1588829711.062][SEVERE]: Timed out receiving message from renderer: 0.100
[1588829711.164][SEVERE]: Timed out receiving message from renderer: 0.100
[1588829711.265][SEVERE]: Timed out receiving message from renderer: 0.100
[1588829711.367][SEVERE]: Timed out receiving message from renderer: 0.100
[1588829711.470][SEVERE]: Timed out receiving message from renderer: 0.100
[1588829711.574][SEVERE]: Timed out receiving message from renderer: 0.100
[1588829711.682][SEVERE]: Timed out receiving message from renderer: 0.100
[1588829711.786][SEVERE]: Timed out receiving message from renderer: 0.100
[1588829711.888][SEVERE]: Timed out receiving message from renderer: 0.100
[1588829712.001][SEVERE]: Timed out receiving message from renderer: 0.100
[1588829712.103][SEVERE]: Timed out receiving message from renderer: 0.100
[1588829712.205][SEVERE]: Timed out receiving message from renderer: 0.100
[1588829712.323][SEVERE]: Timed out receiving message from renderer: 0.100
[1588829712.425][SEVERE]: Timed out receiving message from renderer: 0.100
[1588829712.528][SEVERE]: Timed out receiving message from renderer: 0.100
[1588829712.631][SEVERE]: Timed out receiving message from renderer: 0.100
[1588829712.743][SEVERE]: Timed out receiving message from renderer: 0.100
[1588829712.855][SEVERE]: Timed out receiving message from renderer: 0.100
[1588829712.959][SEVERE]: Timed out receiving message from renderer: 0.100
[1588829713.087][SEVERE]: Timed out receiving message from renderer: 0.100
[1588829713.191][SEVERE]: Timed out receiving message from renderer: 0.100
[1588829713.296][SEVERE]: Timed out receiving message from renderer: 0.100
[1588829713.398][SEVERE]: Timed out receiving message from renderer: 0.100
[1588829713.501][SEVERE]: Timed out receiving message from renderer: 0.100
[1588829713.603][SEVERE]: Timed out receiving message from renderer: 0.100
]]></system-err>
  </testcase>
  <testcase name="VerifyTitleHeader" classname="publicisSapient.testScripts.VerifyTitleTest" time="141.736">
    <failure message="no such element: Unable to locate element: {&quot;method&quot;:&quot;css selector&quot;,&quot;selector&quot;:&quot;[id=&apos;user_email&apos;]&quot;}&#10;  (Session info: headless chrome=81.0.4044.129)&#10;For documentation on this error, please visit: https://www.seleniumhq.org/exceptions/no_such_element.html&#10;Build info: version: &apos;3.141.59&apos;, revision: &apos;e82be7d358&apos;, time: &apos;2018-11-14T08:17:03&apos;&#10;System info: host: &apos;WKWIN6024718&apos;, ip: &apos;192.168.31.244&apos;, os.name: &apos;Windows 10&apos;, os.arch: &apos;amd64&apos;, os.version: &apos;10.0&apos;, java.version: &apos;1.8.0_171&apos;&#10;Driver info: org.openqa.selenium.chrome.ChromeDriver&#10;Capabilities {acceptInsecureCerts: false, browserName: chrome, browserVersion: 81.0.4044.129, chrome: {chromedriverVersion: 81.0.4044.69 (6813546031a4b..., userDataDir: C:\Users\anujakho\AppData\L...}, goog:chromeOptions: {debuggerAddress: localhost:57309}, javascriptEnabled: true, networkConnectionEnabled: false, pageLoadStrategy: normal, platform: WINDOWS, platformName: WINDOWS, proxy: Proxy(), setWindowRect: true, strictFileInteractability: false, timeouts: {implicit: 0, pageLoad: 300000, script: 30000}, unhandledPromptBehavior: dismiss and notify, webauthn:virtualAuthenticators: true}&#10;Session ID: 700c39e69043df57d96cf517d7e1e33d&#10;*** Element info: {Using=css selector, value=[id=&apos;user_email&apos;]}" type="org.openqa.selenium.NoSuchElementException"><![CDATA[org.openqa.selenium.NoSuchElementException: 
no such element: Unable to locate element: {"method":"css selector","selector":"[id='user_email']"}
  (Session info: headless chrome=81.0.4044.129)
For documentation on this error, please visit: https://www.seleniumhq.org/exceptions/no_such_element.html
Build info: version: '3.141.59', revision: 'e82be7d358', time: '2018-11-14T08:17:03'
System info: host: 'WKWIN6024718', ip: '192.168.31.244', os.name: 'Windows 10', os.arch: 'amd64', os.version: '10.0', java.version: '1.8.0_171'
Driver info: org.openqa.selenium.chrome.ChromeDriver
Capabilities {acceptInsecureCerts: false, browserName: chrome, browserVersion: 81.0.4044.129, chrome: {chromedriverVersion: 81.0.4044.69 (6813546031a4b..., userDataDir: C:\Users\anujakho\AppData\L...}, goog:chromeOptions: {debuggerAddress: localhost:57309}, javascriptEnabled: true, networkConnectionEnabled: false, pageLoadStrategy: normal, platform: WINDOWS, platformName: WINDOWS, proxy: Proxy(), setWindowRect: true, strictFileInteractability: false, timeouts: {implicit: 0, pageLoad: 300000, script: 30000}, unhandledPromptBehavior: dismiss and notify, webauthn:virtualAuthenticators: true}
Session ID: 700c39e69043df57d96cf517d7e1e33d
*** Element info: {Using=css selector, value=[id='user_email']}
	at publicisSapient.testScripts.VerifyTitleTest.VerifyTitleHeader(VerifyTitleTest.java:32)
]]></failure>
    <system-out><![CDATA[11:06:53.707 [main] ERROR publicisSapient.helper.listeners.Listeners - verifyLogin Test Failed..org.openqa.selenium.NoSuchElementException: no such element: Unable to locate element: {"method":"css selector","selector":"[id='user_email']"}
  (Session info: headless chrome=81.0.4044.129)
For documentation on this error, please visit: https://www.seleniumhq.org/exceptions/no_such_element.html
Build info: version: '3.141.59', revision: 'e82be7d358', time: '2018-11-14T08:17:03'
System info: host: 'WKWIN6024718', ip: '192.168.31.244', os.name: 'Windows 10', os.arch: 'amd64', os.version: '10.0', java.version: '1.8.0_171'
Driver info: org.openqa.selenium.chrome.ChromeDriver
Capabilities {acceptInsecureCerts: false, browserName: chrome, browserVersion: 81.0.4044.129, chrome: {chromedriverVersion: 81.0.4044.69 (6813546031a4b..., userDataDir: C:\Users\anujakho\AppData\L...}, goog:chromeOptions: {debuggerAddress: localhost:57125}, javascriptEnabled: true, networkConnectionEnabled: false, pageLoadStrategy: normal, platform: WINDOWS, platformName: WINDOWS, proxy: Proxy(), setWindowRect: true, strictFileInteractability: false, timeouts: {implicit: 0, pageLoad: 300000, script: 30000}, unhandledPromptBehavior: dismiss and notify, webauthn:virtualAuthenticators: true}
Session ID: 0830b7d164f8ba1ee4a247c8b82553a4
*** Element info: {Using=css selector, value=[id='user_email']}
11:06:54.000 [main] INFO  publicisSapient.helper.testBase.TestBase - **************verifyLoginFinished***************
11:06:54.916 [main] INFO  publicisSapient.helper.listeners.Listeners - Regression Test for Class 1 Test Finished..
11:06:54.918 [main] INFO  publicisSapient.helper.listeners.Listeners - Regression Test for Class 3 Class Started..
11:06:57.923 [main] INFO  publicisSapient.helper.testBase.TestBase - Initialize Web driver: 1618683794
11:06:57.923 [main] INFO  publicisSapient.helper.WaitHelper - WaitHelper object created..
11:06:57.923 [main] INFO  publicisSapient.helper.WaitHelper - Implicit Wait has been set to: 100
11:06:57.931 [main] INFO  publicisSapient.helper.WaitHelper - waiting for page to load for : SECONDS seconds
11:06:57.951 [main] INFO  publicisSapient.helper.WaitHelper -  page is loaded
11:06:57.953 [main] INFO  publicisSapient.helper.testBase.TestBase - **************VerifyTitleHeaderStarted***************
11:06:57.954 [main] INFO  publicisSapient.helper.listeners.Listeners - VerifyTitleHeader Test Started..
11:07:25.668 [main] INFO  publicisSapient.helper.WaitHelper - WaitHelper object created..
11:07:25.668 [main] INFO  publicisSapient.helper.testBase.TestBase - capturing ui navigation screen...
11:07:25.668 [main] INFO  publicisSapient.helper.JavaScriptHelper - JavaScriptHelper has been initialized
11:07:26.387 [main] INFO  publicisSapient.helper.JavaScriptHelper - JavaScriptHelper has been initialized
11:07:26.631 [main] INFO  publicisSapient.pageObjects.LandingPage - Pop up displayed and closed
11:07:39.660 [main] INFO  publicisSapient.pageObjects.LandingPage - Login option is clicked
]]></system-out>
    <system-err><![CDATA[May 07, 2020 11:06:54 AM org.openqa.selenium.remote.DesiredCapabilities chrome
INFO: Using `new ChromeOptions()` is preferred to `DesiredCapabilities.chrome()`
Starting ChromeDriver 81.0.4044.69 (6813546031a4bc83f717a2ef7cd4ac6ec1199132-refs/branch-heads/4044@{#776}) on port 34073
Only local connections are allowed.
Please protect ports used by ChromeDriver and related test frameworks to prevent access by malicious code.
May 07, 2020 11:06:57 AM org.openqa.selenium.remote.ProtocolHandshake createSession
INFO: Detected dialect: W3C
[1588829820.687][SEVERE]: Timed out receiving message from renderer: 0.100
[1588829820.789][SEVERE]: Timed out receiving message from renderer: 0.100
[1588829821.032][SEVERE]: Timed out receiving message from renderer: 0.100
[1588829821.155][SEVERE]: Timed out receiving message from renderer: 0.100
[1588829821.366][SEVERE]: Timed out receiving message from renderer: 0.100
[1588829821.475][SEVERE]: Timed out receiving message from renderer: 0.100
[1588829821.590][SEVERE]: Timed out receiving message from renderer: 0.100
[1588829821.701][SEVERE]: Timed out receiving message from renderer: 0.100
[1588829821.819][SEVERE]: Timed out receiving message from renderer: 0.100
[1588829821.928][SEVERE]: Timed out receiving message from renderer: 0.100
[1588829822.032][SEVERE]: Timed out receiving message from renderer: 0.100
[1588829822.137][SEVERE]: Timed out receiving message from renderer: 0.100
[1588829822.238][SEVERE]: Timed out receiving message from renderer: 0.100
[1588829822.340][SEVERE]: Timed out receiving message from renderer: 0.100
[1588829822.442][SEVERE]: Timed out receiving message from renderer: 0.100
[1588829822.545][SEVERE]: Timed out receiving message from renderer: 0.100
[1588829822.647][SEVERE]: Timed out receiving message from renderer: 0.100
[1588829822.866][SEVERE]: Timed out receiving message from renderer: 0.100
[1588829822.969][SEVERE]: Timed out receiving message from renderer: 0.100
[1588829823.079][SEVERE]: Timed out receiving message from renderer: 0.100
[1588829823.182][SEVERE]: Timed out receiving message from renderer: 0.100
[1588829823.295][SEVERE]: Timed out receiving message from renderer: 0.100
[1588829823.402][SEVERE]: Timed out receiving message from renderer: 0.100
[1588829823.506][SEVERE]: Timed out receiving message from renderer: 0.100
[1588829823.610][SEVERE]: Timed out receiving message from renderer: 0.100
[1588829823.712][SEVERE]: Timed out receiving message from renderer: 0.100
[1588829823.814][SEVERE]: Timed out receiving message from renderer: 0.100
[1588829823.919][SEVERE]: Timed out receiving message from renderer: 0.100
[1588829824.251][SEVERE]: Timed out receiving message from renderer: 0.100
[1588829824.354][SEVERE]: Timed out receiving message from renderer: 0.100
[1588829824.458][SEVERE]: Timed out receiving message from renderer: 0.100
[1588829824.569][SEVERE]: Timed out receiving message from renderer: 0.100
[1588829824.672][SEVERE]: Timed out receiving message from renderer: 0.100
[1588829824.776][SEVERE]: Timed out receiving message from renderer: 0.100
[1588829824.885][SEVERE]: Timed out receiving message from renderer: 0.100
[1588829824.987][SEVERE]: Timed out receiving message from renderer: 0.100
[1588829825.091][SEVERE]: Timed out receiving message from renderer: 0.100
[1588829825.193][SEVERE]: Timed out receiving message from renderer: 0.100
[1588829825.296][SEVERE]: Timed out receiving message from renderer: 0.100
[1588829825.399][SEVERE]: Timed out receiving message from renderer: 0.100
[1588829825.501][SEVERE]: Timed out receiving message from renderer: 0.100
[1588829825.605][SEVERE]: Timed out receiving message from renderer: 0.100
[1588829825.708][SEVERE]: Timed out receiving message from renderer: 0.100
[1588829825.883][SEVERE]: Timed out receiving message from renderer: 0.100
[1588829825.986][SEVERE]: Timed out receiving message from renderer: 0.100
[1588829826.088][SEVERE]: Timed out receiving message from renderer: 0.100
[1588829826.190][SEVERE]: Timed out receiving message from renderer: 0.100
[1588829826.292][SEVERE]: Timed out receiving message from renderer: 0.100
[1588829826.399][SEVERE]: Timed out receiving message from renderer: 0.100
[1588829826.572][SEVERE]: Timed out receiving message from renderer: 0.100
[1588829826.677][SEVERE]: Timed out receiving message from renderer: 0.100
[1588829826.782][SEVERE]: Timed out receiving message from renderer: 0.100
[1588829826.885][SEVERE]: Timed out receiving message from renderer: 0.100
[1588829826.988][SEVERE]: Timed out receiving message from renderer: 0.100
[1588829827.183][SEVERE]: Timed out receiving message from renderer: 0.100
[1588829827.286][SEVERE]: Timed out receiving message from renderer: 0.100
[1588829827.388][SEVERE]: Timed out receiving message from renderer: 0.100
[1588829827.491][SEVERE]: Timed out receiving message from renderer: 0.100
[1588829827.595][SEVERE]: Timed out receiving message from renderer: 0.100
[1588829827.697][SEVERE]: Timed out receiving message from renderer: 0.100
[1588829827.800][SEVERE]: Timed out receiving message from renderer: 0.100
[1588829828.271][SEVERE]: Timed out receiving message from renderer: 0.100
[1588829828.380][SEVERE]: Timed out receiving message from renderer: 0.100
[1588829828.482][SEVERE]: Timed out receiving message from renderer: 0.100
[1588829828.584][SEVERE]: Timed out receiving message from renderer: 0.100
[1588829828.777][SEVERE]: Timed out receiving message from renderer: 0.100
[1588829828.878][SEVERE]: Timed out receiving message from renderer: 0.100
[1588829828.979][SEVERE]: Timed out receiving message from renderer: 0.100
[1588829829.081][SEVERE]: Timed out receiving message from renderer: 0.100
[1588829829.183][SEVERE]: Timed out receiving message from renderer: 0.100
[1588829829.286][SEVERE]: Timed out receiving message from renderer: 0.100
[1588829829.391][SEVERE]: Timed out receiving message from renderer: 0.100
[1588829829.496][SEVERE]: Timed out receiving message from renderer: 0.100
[1588829829.599][SEVERE]: Timed out receiving message from renderer: 0.100
[1588829829.705][SEVERE]: Timed out receiving message from renderer: 0.100
[1588829829.811][SEVERE]: Timed out receiving message from renderer: 0.100
[1588829829.913][SEVERE]: Timed out receiving message from renderer: 0.100
[1588829830.016][SEVERE]: Timed out receiving message from renderer: 0.100
[1588829830.118][SEVERE]: Timed out receiving message from renderer: 0.100
[1588829830.220][SEVERE]: Timed out receiving message from renderer: 0.100
[1588829830.322][SEVERE]: Timed out receiving message from renderer: 0.100
[1588829830.427][SEVERE]: Timed out receiving message from renderer: 0.100
[1588829830.529][SEVERE]: Timed out receiving message from renderer: 0.100
[1588829830.632][SEVERE]: Timed out receiving message from renderer: 0.100
[1588829830.739][SEVERE]: Timed out receiving message from renderer: 0.100
[1588829830.841][SEVERE]: Timed out receiving message from renderer: 0.100
[1588829830.942][SEVERE]: Timed out receiving message from renderer: 0.100
[1588829831.044][SEVERE]: Timed out receiving message from renderer: 0.100
[1588829831.266][SEVERE]: Timed out receiving message from renderer: 0.100
[1588829831.554][SEVERE]: Timed out receiving message from renderer: 0.100
[1588829832.730][SEVERE]: Timed out receiving message from renderer: 0.100
[1588829832.877][SEVERE]: Timed out receiving message from renderer: 0.100
[1588829832.981][SEVERE]: Timed out receiving message from renderer: 0.100
[1588829833.084][SEVERE]: Timed out receiving message from renderer: 0.100
[1588829833.195][SEVERE]: Timed out receiving message from renderer: 0.100
[1588829833.307][SEVERE]: Timed out receiving message from renderer: 0.100
[1588829833.409][SEVERE]: Timed out receiving message from renderer: 0.100
[1588829833.511][SEVERE]: Timed out receiving message from renderer: 0.100
[1588829833.615][SEVERE]: Timed out receiving message from renderer: 0.100
[1588829833.717][SEVERE]: Timed out receiving message from renderer: 0.100
[1588829833.819][SEVERE]: Timed out receiving message from renderer: 0.100
[1588829833.929][SEVERE]: Timed out receiving message from renderer: 0.100
[1588829834.033][SEVERE]: Timed out receiving message from renderer: 0.100
[1588829834.136][SEVERE]: Timed out receiving message from renderer: 0.100
[1588829834.256][SEVERE]: Timed out receiving message from renderer: 0.100
[1588829834.372][SEVERE]: Timed out receiving message from renderer: 0.100
[1588829834.475][SEVERE]: Timed out receiving message from renderer: 0.100
[1588829834.576][SEVERE]: Timed out receiving message from renderer: 0.100
[1588829834.728][SEVERE]: Timed out receiving message from renderer: 0.100
[1588829835.411][SEVERE]: Timed out receiving message from renderer: 0.100
[1588829835.523][SEVERE]: Timed out receiving message from renderer: 0.100
[1588829835.631][SEVERE]: Timed out receiving message from renderer: 0.100
[1588829835.733][SEVERE]: Timed out receiving message from renderer: 0.100
[1588829835.836][SEVERE]: Timed out receiving message from renderer: 0.100
[1588829835.938][SEVERE]: Timed out receiving message from renderer: 0.100
[1588829836.043][SEVERE]: Timed out receiving message from renderer: 0.100
[1588829836.145][SEVERE]: Timed out receiving message from renderer: 0.100
[1588829836.247][SEVERE]: Timed out receiving message from renderer: 0.100
[1588829836.349][SEVERE]: Timed out receiving message from renderer: 0.100
[1588829836.456][SEVERE]: Timed out receiving message from renderer: 0.100
[1588829836.572][SEVERE]: Timed out receiving message from renderer: 0.100
[1588829836.676][SEVERE]: Timed out receiving message from renderer: 0.100
[1588829836.778][SEVERE]: Timed out receiving message from renderer: 0.100
[1588829836.880][SEVERE]: Timed out receiving message from renderer: 0.100
[1588829836.982][SEVERE]: Timed out receiving message from renderer: 0.100
[1588829837.084][SEVERE]: Timed out receiving message from renderer: 0.100
[1588829837.186][SEVERE]: Timed out receiving message from renderer: 0.100
[1588829837.289][SEVERE]: Timed out receiving message from renderer: 0.100
[1588829837.395][SEVERE]: Timed out receiving message from renderer: 0.100
[1588829837.497][SEVERE]: Timed out receiving message from renderer: 0.100
[1588829837.601][SEVERE]: Timed out receiving message from renderer: 0.100
[1588829837.710][SEVERE]: Timed out receiving message from renderer: 0.100
[1588829837.818][SEVERE]: Timed out receiving message from renderer: 0.100
[1588829837.924][SEVERE]: Timed out receiving message from renderer: 0.100
[1588829838.025][SEVERE]: Timed out receiving message from renderer: 0.100
[1588829838.127][SEVERE]: Timed out receiving message from renderer: 0.100
[1588829838.230][SEVERE]: Timed out receiving message from renderer: 0.100
[1588829838.334][SEVERE]: Timed out receiving message from renderer: 0.100
[1588829838.436][SEVERE]: Timed out receiving message from renderer: 0.100
[1588829838.543][SEVERE]: Timed out receiving message from renderer: 0.100
[1588829838.647][SEVERE]: Timed out receiving message from renderer: 0.100
[1588829838.750][SEVERE]: Timed out receiving message from renderer: 0.100
[1588829838.854][SEVERE]: Timed out receiving message from renderer: 0.100
[1588829838.956][SEVERE]: Timed out receiving message from renderer: 0.100
[1588829839.059][SEVERE]: Timed out receiving message from renderer: 0.100
[1588829839.164][SEVERE]: Timed out receiving message from renderer: 0.100
[1588829839.267][SEVERE]: Timed out receiving message from renderer: 0.100
[1588829839.371][SEVERE]: Timed out receiving message from renderer: 0.100
[1588829839.473][SEVERE]: Timed out receiving message from renderer: 0.100
[1588829839.576][SEVERE]: Timed out receiving message from renderer: 0.100
[1588829839.678][SEVERE]: Timed out receiving message from renderer: 0.100
[1588829839.780][SEVERE]: Timed out receiving message from renderer: 0.100
[1588829839.882][SEVERE]: Timed out receiving message from renderer: 0.100
[1588829839.985][SEVERE]: Timed out receiving message from renderer: 0.100
[1588829840.088][SEVERE]: Timed out receiving message from renderer: 0.100
[1588829840.190][SEVERE]: Timed out receiving message from renderer: 0.100
[1588829840.292][SEVERE]: Timed out receiving message from renderer: 0.100
[1588829840.395][SEVERE]: Timed out receiving message from renderer: 0.100
[1588829840.500][SEVERE]: Timed out receiving message from renderer: 0.100
[1588829840.603][SEVERE]: Timed out receiving message from renderer: 0.100
[1588829840.705][SEVERE]: Timed out receiving message from renderer: 0.100
[1588829840.808][SEVERE]: Timed out receiving message from renderer: 0.100
[1588829840.912][SEVERE]: Timed out receiving message from renderer: 0.100
[1588829841.014][SEVERE]: Timed out receiving message from renderer: 0.100
[1588829841.116][SEVERE]: Timed out receiving message from renderer: 0.100
[1588829841.219][SEVERE]: Timed out receiving message from renderer: 0.100
[1588829841.321][SEVERE]: Timed out receiving message from renderer: 0.100
[1588829841.431][SEVERE]: Timed out receiving message from renderer: 0.100
[1588829841.534][SEVERE]: Timed out receiving message from renderer: 0.100
[1588829841.640][SEVERE]: Timed out receiving message from renderer: 0.100
[1588829841.748][SEVERE]: Timed out receiving message from renderer: 0.100
[1588829841.850][SEVERE]: Timed out receiving message from renderer: 0.100
[1588829841.952][SEVERE]: Timed out receiving message from renderer: 0.100
[1588829842.053][SEVERE]: Timed out receiving message from renderer: 0.100
[1588829842.155][SEVERE]: Timed out receiving message from renderer: 0.100
[1588829842.256][SEVERE]: Timed out receiving message from renderer: 0.100
[1588829842.359][SEVERE]: Timed out receiving message from renderer: 0.100
[1588829842.463][SEVERE]: Timed out receiving message from renderer: 0.100
[1588829842.565][SEVERE]: Timed out receiving message from renderer: 0.100
[1588829842.667][SEVERE]: Timed out receiving message from renderer: 0.100
[1588829842.771][SEVERE]: Timed out receiving message from renderer: 0.100
[1588829842.875][SEVERE]: Timed out receiving message from renderer: 0.100
[1588829842.977][SEVERE]: Timed out receiving message from renderer: 0.100
[1588829843.080][SEVERE]: Timed out receiving message from renderer: 0.100
[1588829843.181][SEVERE]: Timed out receiving message from renderer: 0.100
[1588829843.286][SEVERE]: Timed out receiving message from renderer: 0.100
[1588829843.389][SEVERE]: Timed out receiving message from renderer: 0.100
[1588829843.491][SEVERE]: Timed out receiving message from renderer: 0.100
[1588829843.605][SEVERE]: Timed out receiving message from renderer: 0.100
[1588829843.708][SEVERE]: Timed out receiving message from renderer: 0.100
[1588829843.834][SEVERE]: Timed out receiving message from renderer: 0.100
[1588829843.954][SEVERE]: Timed out receiving message from renderer: 0.100
[1588829844.105][SEVERE]: Timed out receiving message from renderer: 0.100
[1588829844.209][SEVERE]: Timed out receiving message from renderer: 0.100
[1588829844.315][SEVERE]: Timed out receiving message from renderer: 0.100
[1588829844.428][SEVERE]: Timed out receiving message from renderer: 0.100
[1588829844.531][SEVERE]: Timed out receiving message from renderer: 0.100
[1588829844.637][SEVERE]: Timed out receiving message from renderer: 0.100
[1588829844.741][SEVERE]: Timed out receiving message from renderer: 0.100
[1588829844.845][SEVERE]: Timed out receiving message from renderer: 0.100
[1588829844.946][SEVERE]: Timed out receiving message from renderer: 0.100
[1588829845.051][SEVERE]: Timed out receiving message from renderer: 0.100
[1588829845.160][SEVERE]: Timed out receiving message from renderer: 0.100
[1588829845.261][SEVERE]: Timed out receiving message from renderer: 0.100
[1588829845.364][SEVERE]: Timed out receiving message from renderer: 0.100
[1588829845.468][SEVERE]: Timed out receiving message from renderer: 0.100
[1588829845.572][SEVERE]: Timed out receiving message from renderer: 0.100
[1588829848.561][SEVERE]: Timed out receiving message from renderer: 0.100
[1588829848.726][SEVERE]: Timed out receiving message from renderer: 0.100
[1588829848.828][SEVERE]: Timed out receiving message from renderer: 0.100
[1588829848.930][SEVERE]: Timed out receiving message from renderer: 0.100
[1588829849.049][SEVERE]: Timed out receiving message from renderer: 0.100
[1588829849.152][SEVERE]: Timed out receiving message from renderer: 0.100
[1588829849.256][SEVERE]: Timed out receiving message from renderer: 0.100
[1588829849.358][SEVERE]: Timed out receiving message from renderer: 0.100
[1588829849.460][SEVERE]: Timed out receiving message from renderer: 0.100
[1588829849.563][SEVERE]: Timed out receiving message from renderer: 0.100
[1588829849.665][SEVERE]: Timed out receiving message from renderer: 0.100
[1588829849.766][SEVERE]: Timed out receiving message from renderer: 0.100
[1588829849.869][SEVERE]: Timed out receiving message from renderer: 0.100
[1588829849.983][SEVERE]: Timed out receiving message from renderer: 0.100
[1588829850.085][SEVERE]: Timed out receiving message from renderer: 0.100
[1588829850.187][SEVERE]: Timed out receiving message from renderer: 0.100
[1588829850.289][SEVERE]: Timed out receiving message from renderer: 0.100
[1588829850.391][SEVERE]: Timed out receiving message from renderer: 0.100
[1588829850.492][SEVERE]: Timed out receiving message from renderer: 0.100
[1588829850.595][SEVERE]: Timed out receiving message from renderer: 0.100
[1588829850.699][SEVERE]: Timed out receiving message from renderer: 0.100
[1588829850.805][SEVERE]: Timed out receiving message from renderer: 0.100
[1588829850.907][SEVERE]: Timed out receiving message from renderer: 0.100
[1588829851.012][SEVERE]: Timed out receiving message from renderer: 0.100
[1588829851.120][SEVERE]: Timed out receiving message from renderer: 0.100
[1588829851.223][SEVERE]: Timed out receiving message from renderer: 0.100
[1588829851.339][SEVERE]: Timed out receiving message from renderer: 0.100
[1588829851.461][SEVERE]: Timed out receiving message from renderer: 0.100
[1588829851.564][SEVERE]: Timed out receiving message from renderer: 0.100
[1588829851.666][SEVERE]: Timed out receiving message from renderer: 0.100
[1588829851.769][SEVERE]: Timed out receiving message from renderer: 0.100
[1588829851.871][SEVERE]: Timed out receiving message from renderer: 0.100
[1588829851.974][SEVERE]: Timed out receiving message from renderer: 0.100
[1588829852.075][SEVERE]: Timed out receiving message from renderer: 0.100
[1588829852.177][SEVERE]: Timed out receiving message from renderer: 0.100
[1588829852.279][SEVERE]: Timed out receiving message from renderer: 0.100
[1588829852.389][SEVERE]: Timed out receiving message from renderer: 0.100
[1588829852.491][SEVERE]: Timed out receiving message from renderer: 0.100
[1588829852.594][SEVERE]: Timed out receiving message from renderer: 0.100
[1588829852.695][SEVERE]: Timed out receiving message from renderer: 0.100
[1588829852.798][SEVERE]: Timed out receiving message from renderer: 0.100
[1588829852.903][SEVERE]: Timed out receiving message from renderer: 0.100
[1588829853.006][SEVERE]: Timed out receiving message from renderer: 0.100
[1588829853.107][SEVERE]: Timed out receiving message from renderer: 0.100
[1588829853.231][SEVERE]: Timed out receiving message from renderer: 0.100
[1588829853.339][SEVERE]: Timed out receiving message from renderer: 0.100
[1588829853.460][SEVERE]: Timed out receiving message from renderer: 0.100
[1588829853.562][SEVERE]: Timed out receiving message from renderer: 0.100
[1588829853.663][SEVERE]: Timed out receiving message from renderer: 0.100
[1588829853.765][SEVERE]: Timed out receiving message from renderer: 0.100
[1588829853.867][SEVERE]: Timed out receiving message from renderer: 0.100
[1588829853.969][SEVERE]: Timed out receiving message from renderer: 0.100
[1588829854.071][SEVERE]: Timed out receiving message from renderer: 0.100
[1588829854.179][SEVERE]: Timed out receiving message from renderer: 0.100
[1588829854.283][SEVERE]: Timed out receiving message from renderer: 0.100
[1588829854.386][SEVERE]: Timed out receiving message from renderer: 0.100
[1588829854.487][SEVERE]: Timed out receiving message from renderer: 0.100
[1588829854.589][SEVERE]: Timed out receiving message from renderer: 0.100
[1588829854.701][SEVERE]: Timed out receiving message from renderer: 0.100
[1588829854.809][SEVERE]: Timed out receiving message from renderer: 0.100
[1588829854.911][SEVERE]: Timed out receiving message from renderer: 0.100
[1588829855.015][SEVERE]: Timed out receiving message from renderer: 0.100
[1588829855.117][SEVERE]: Timed out receiving message from renderer: 0.100
[1588829855.219][SEVERE]: Timed out receiving message from renderer: 0.100
[1588829855.322][SEVERE]: Timed out receiving message from renderer: 0.100
[1588829855.428][SEVERE]: Timed out receiving message from renderer: 0.100
[1588829855.532][SEVERE]: Timed out receiving message from renderer: 0.100
[1588829855.634][SEVERE]: Timed out receiving message from renderer: 0.100
[1588829855.735][SEVERE]: Timed out receiving message from renderer: 0.100
[1588829855.836][SEVERE]: Timed out receiving message from renderer: 0.100
[1588829855.938][SEVERE]: Timed out receiving message from renderer: 0.100
[1588829856.040][SEVERE]: Timed out receiving message from renderer: 0.100
[1588829856.146][SEVERE]: Timed out receiving message from renderer: 0.100
[1588829856.248][SEVERE]: Timed out receiving message from renderer: 0.100
[1588829856.349][SEVERE]: Timed out receiving message from renderer: 0.100
[1588829856.451][SEVERE]: Timed out receiving message from renderer: 0.100
[1588829856.555][SEVERE]: Timed out receiving message from renderer: 0.100
[1588829856.659][SEVERE]: Timed out receiving message from renderer: 0.100
[1588829856.774][SEVERE]: Timed out receiving message from renderer: 0.100
[1588829856.877][SEVERE]: Timed out receiving message from renderer: 0.100
[1588829856.980][SEVERE]: Timed out receiving message from renderer: 0.100
[1588829857.083][SEVERE]: Timed out receiving message from renderer: 0.100
[1588829857.186][SEVERE]: Timed out receiving message from renderer: 0.100
[1588829857.288][SEVERE]: Timed out receiving message from renderer: 0.100
[1588829857.392][SEVERE]: Timed out receiving message from renderer: 0.100
[1588829857.495][SEVERE]: Timed out receiving message from renderer: 0.100
[1588829857.597][SEVERE]: Timed out receiving message from renderer: 0.100
[1588829857.703][SEVERE]: Timed out receiving message from renderer: 0.100
[1588829857.820][SEVERE]: Timed out receiving message from renderer: 0.100
[1588829857.922][SEVERE]: Timed out receiving message from renderer: 0.100
[1588829858.023][SEVERE]: Timed out receiving message from renderer: 0.100
[1588829858.125][SEVERE]: Timed out receiving message from renderer: 0.100
[1588829858.227][SEVERE]: Timed out receiving message from renderer: 0.100
[1588829858.328][SEVERE]: Timed out receiving message from renderer: 0.100
[1588829858.430][SEVERE]: Timed out receiving message from renderer: 0.100
[1588829858.532][SEVERE]: Timed out receiving message from renderer: 0.100
[1588829858.636][SEVERE]: Timed out receiving message from renderer: 0.100
[1588829858.741][SEVERE]: Timed out receiving message from renderer: 0.100
[1588829858.843][SEVERE]: Timed out receiving message from renderer: 0.100
[1588829858.945][SEVERE]: Timed out receiving message from renderer: 0.100
[1588829859.047][SEVERE]: Timed out receiving message from renderer: 0.100
[1588829859.157][SEVERE]: Timed out receiving message from renderer: 0.100
[1588829859.264][SEVERE]: Timed out receiving message from renderer: 0.100
[1588829859.365][SEVERE]: Timed out receiving message from renderer: 0.100
[1588829859.467][SEVERE]: Timed out receiving message from renderer: 0.100
[1588829859.569][SEVERE]: Timed out receiving message from renderer: 0.100
]]></system-err>
  </testcase>
  <testcase name="verifyNavBarIsPresent" classname="publicisSapient.testScripts.VerifyNavBarPresentTest" time="10.027">
    <failure message="timeout: Timed out receiving message from renderer: 9.190&#10;  (Session info: headless chrome=81.0.4044.129)&#10;Build info: version: &apos;3.141.59&apos;, revision: &apos;e82be7d358&apos;, time: &apos;2018-11-14T08:17:03&apos;&#10;System info: host: &apos;WKWIN6024718&apos;, ip: &apos;192.168.31.244&apos;, os.name: &apos;Windows 10&apos;, os.arch: &apos;amd64&apos;, os.version: &apos;10.0&apos;, java.version: &apos;1.8.0_171&apos;&#10;Driver info: org.openqa.selenium.chrome.ChromeDriver&#10;Capabilities {acceptInsecureCerts: false, browserName: chrome, browserVersion: 81.0.4044.129, chrome: {chromedriverVersion: 81.0.4044.69 (6813546031a4b..., userDataDir: C:\Users\anujakho\AppData\L...}, goog:chromeOptions: {debuggerAddress: localhost:57441}, javascriptEnabled: true, networkConnectionEnabled: false, pageLoadStrategy: normal, platform: WINDOWS, platformName: WINDOWS, proxy: Proxy(), setWindowRect: true, strictFileInteractability: false, timeouts: {implicit: 0, pageLoad: 300000, script: 30000}, unhandledPromptBehavior: dismiss and notify, webauthn:virtualAuthenticators: true}&#10;Session ID: 2d68202c93c7fe1e7ee947b13015f10e" type="org.openqa.selenium.TimeoutException"><![CDATA[org.openqa.selenium.TimeoutException: 
timeout: Timed out receiving message from renderer: 9.190
  (Session info: headless chrome=81.0.4044.129)
Build info: version: '3.141.59', revision: 'e82be7d358', time: '2018-11-14T08:17:03'
System info: host: 'WKWIN6024718', ip: '192.168.31.244', os.name: 'Windows 10', os.arch: 'amd64', os.version: '10.0', java.version: '1.8.0_171'
Driver info: org.openqa.selenium.chrome.ChromeDriver
Capabilities {acceptInsecureCerts: false, browserName: chrome, browserVersion: 81.0.4044.129, chrome: {chromedriverVersion: 81.0.4044.69 (6813546031a4b..., userDataDir: C:\Users\anujakho\AppData\L...}, goog:chromeOptions: {debuggerAddress: localhost:57441}, javascriptEnabled: true, networkConnectionEnabled: false, pageLoadStrategy: normal, platform: WINDOWS, platformName: WINDOWS, proxy: Proxy(), setWindowRect: true, strictFileInteractability: false, timeouts: {implicit: 0, pageLoad: 300000, script: 30000}, unhandledPromptBehavior: dismiss and notify, webauthn:virtualAuthenticators: true}
Session ID: 2d68202c93c7fe1e7ee947b13015f10e
	at publicisSapient.testScripts.VerifyNavBarPresentTest.verifyNavBarIsPresent(VerifyNavBarPresentTest.java:21)
]]></failure>
    <system-out><![CDATA[11:09:19.692 [main] ERROR publicisSapient.helper.listeners.Listeners - VerifyTitleHeader Test Failed..org.openqa.selenium.NoSuchElementException: no such element: Unable to locate element: {"method":"css selector","selector":"[id='user_email']"}
  (Session info: headless chrome=81.0.4044.129)
For documentation on this error, please visit: https://www.seleniumhq.org/exceptions/no_such_element.html
Build info: version: '3.141.59', revision: 'e82be7d358', time: '2018-11-14T08:17:03'
System info: host: 'WKWIN6024718', ip: '192.168.31.244', os.name: 'Windows 10', os.arch: 'amd64', os.version: '10.0', java.version: '1.8.0_171'
Driver info: org.openqa.selenium.chrome.ChromeDriver
Capabilities {acceptInsecureCerts: false, browserName: chrome, browserVersion: 81.0.4044.129, chrome: {chromedriverVersion: 81.0.4044.69 (6813546031a4b..., userDataDir: C:\Users\anujakho\AppData\L...}, goog:chromeOptions: {debuggerAddress: localhost:57309}, javascriptEnabled: true, networkConnectionEnabled: false, pageLoadStrategy: normal, platform: WINDOWS, platformName: WINDOWS, proxy: Proxy(), setWindowRect: true, strictFileInteractability: false, timeouts: {implicit: 0, pageLoad: 300000, script: 30000}, unhandledPromptBehavior: dismiss and notify, webauthn:virtualAuthenticators: true}
Session ID: 700c39e69043df57d96cf517d7e1e33d
*** Element info: {Using=css selector, value=[id='user_email']}
11:09:19.999 [main] INFO  publicisSapient.helper.testBase.TestBase - **************VerifyTitleHeaderFinished***************
11:09:21.593 [main] INFO  publicisSapient.helper.listeners.Listeners - Regression Test for Class 3 Test Finished..
11:09:21.593 [main] INFO  publicisSapient.helper.listeners.Listeners - Regression Test for Class 2 Class Started..
11:09:24.383 [main] INFO  publicisSapient.helper.testBase.TestBase - Initialize Web driver: 1906549136
11:09:24.383 [main] INFO  publicisSapient.helper.WaitHelper - WaitHelper object created..
11:09:24.383 [main] INFO  publicisSapient.helper.WaitHelper - Implicit Wait has been set to: 10
11:09:24.397 [main] INFO  publicisSapient.helper.WaitHelper - waiting for page to load for : SECONDS seconds
11:09:24.494 [main] INFO  publicisSapient.helper.WaitHelper -  page is loaded
11:09:24.495 [main] INFO  publicisSapient.helper.testBase.TestBase - **************verifyNavBarIsPresentStarted***************
11:09:24.496 [main] INFO  publicisSapient.helper.listeners.Listeners - verifyNavBarIsPresent Test Started..
]]></system-out>
    <system-err><![CDATA[May 07, 2020 11:09:21 AM org.openqa.selenium.remote.DesiredCapabilities chrome
INFO: Using `new ChromeOptions()` is preferred to `DesiredCapabilities.chrome()`
Starting ChromeDriver 81.0.4044.69 (6813546031a4bc83f717a2ef7cd4ac6ec1199132-refs/branch-heads/4044@{#776}) on port 7792
Only local connections are allowed.
Please protect ports used by ChromeDriver and related test frameworks to prevent access by malicious code.
May 07, 2020 11:09:24 AM org.openqa.selenium.remote.ProtocolHandshake createSession
INFO: Detected dialect: W3C
[1588829965.423][SEVERE]: Timed out receiving message from renderer: 0.100
[1588829965.531][SEVERE]: Timed out receiving message from renderer: 0.100
[1588829965.652][SEVERE]: Timed out receiving message from renderer: 0.100
[1588829965.761][SEVERE]: Timed out receiving message from renderer: 0.100
[1588829965.864][SEVERE]: Timed out receiving message from renderer: 0.100
[1588829965.970][SEVERE]: Timed out receiving message from renderer: 0.100
[1588829966.081][SEVERE]: Timed out receiving message from renderer: 0.100
[1588829966.188][SEVERE]: Timed out receiving message from renderer: 0.100
[1588829966.298][SEVERE]: Timed out receiving message from renderer: 0.100
[1588829966.401][SEVERE]: Timed out receiving message from renderer: 0.100
[1588829966.506][SEVERE]: Timed out receiving message from renderer: 0.100
[1588829966.611][SEVERE]: Timed out receiving message from renderer: 0.100
[1588829966.750][SEVERE]: Timed out receiving message from renderer: 0.100
[1588829966.911][SEVERE]: Timed out receiving message from renderer: 0.100
[1588829967.028][SEVERE]: Timed out receiving message from renderer: 0.100
[1588829967.145][SEVERE]: Timed out receiving message from renderer: 0.100
[1588829967.248][SEVERE]: Timed out receiving message from renderer: 0.100
[1588829967.353][SEVERE]: Timed out receiving message from renderer: 0.100
[1588829968.242][SEVERE]: Timed out receiving message from renderer: 0.100
[1588829968.912][SEVERE]: Timed out receiving message from renderer: 0.100
[1588829969.139][SEVERE]: Timed out receiving message from renderer: 0.100
[1588829969.242][SEVERE]: Timed out receiving message from renderer: 0.100
[1588829969.344][SEVERE]: Timed out receiving message from renderer: 0.100
[1588829969.446][SEVERE]: Timed out receiving message from renderer: 0.100
[1588829969.659][SEVERE]: Timed out receiving message from renderer: 0.100
[1588829969.761][SEVERE]: Timed out receiving message from renderer: 0.100
[1588829969.864][SEVERE]: Timed out receiving message from renderer: 0.100
[1588829969.965][SEVERE]: Timed out receiving message from renderer: 0.100
[1588829970.068][SEVERE]: Timed out receiving message from renderer: 0.100
[1588829970.170][SEVERE]: Timed out receiving message from renderer: 0.100
[1588829970.272][SEVERE]: Timed out receiving message from renderer: 0.100
[1588829970.373][SEVERE]: Timed out receiving message from renderer: 0.100
[1588829970.476][SEVERE]: Timed out receiving message from renderer: 0.100
[1588829970.582][SEVERE]: Timed out receiving message from renderer: 0.100
[1588829970.687][SEVERE]: Timed out receiving message from renderer: 0.100
[1588829970.789][SEVERE]: Timed out receiving message from renderer: 0.100
[1588829970.891][SEVERE]: Timed out receiving message from renderer: 0.100
[1588829970.993][SEVERE]: Timed out receiving message from renderer: 0.100
[1588829971.096][SEVERE]: Timed out receiving message from renderer: 0.100
[1588829971.197][SEVERE]: Timed out receiving message from renderer: 0.100
[1588829971.299][SEVERE]: Timed out receiving message from renderer: 0.100
[1588829971.403][SEVERE]: Timed out receiving message from renderer: 0.100
[1588829971.506][SEVERE]: Timed out receiving message from renderer: 0.100
[1588829971.608][SEVERE]: Timed out receiving message from renderer: 0.100
[1588829971.711][SEVERE]: Timed out receiving message from renderer: 0.100
[1588829971.814][SEVERE]: Timed out receiving message from renderer: 0.100
[1588829971.942][SEVERE]: Timed out receiving message from renderer: 0.100
[1588829972.044][SEVERE]: Timed out receiving message from renderer: 0.100
[1588829972.151][SEVERE]: Timed out receiving message from renderer: 0.100
[1588829972.284][SEVERE]: Timed out receiving message from renderer: 0.100
[1588829972.390][SEVERE]: Timed out receiving message from renderer: 0.100
[1588829972.494][SEVERE]: Timed out receiving message from renderer: 0.100
[1588829972.605][SEVERE]: Timed out receiving message from renderer: 0.100
[1588829973.088][SEVERE]: Timed out receiving message from renderer: 0.100
[1588829973.191][SEVERE]: Timed out receiving message from renderer: 0.100
[1588829973.308][SEVERE]: Timed out receiving message from renderer: 0.100
[1588829973.410][SEVERE]: Timed out receiving message from renderer: 0.100
[1588829973.513][SEVERE]: Timed out receiving message from renderer: 0.100
[1588829973.617][SEVERE]: Timed out receiving message from renderer: 0.100
[1588829973.719][SEVERE]: Timed out receiving message from renderer: 0.100
[1588829973.914][SEVERE]: Timed out receiving message from renderer: 0.100
[1588829974.016][SEVERE]: Timed out receiving message from renderer: 0.100
[1588829974.120][SEVERE]: Timed out receiving message from renderer: 0.100
[1588829974.223][SEVERE]: Timed out receiving message from renderer: 0.100
[1588829974.325][SEVERE]: Timed out receiving message from renderer: 0.100
[1588829974.426][SEVERE]: Timed out receiving message from renderer: 0.100
[1588829974.501][SEVERE]: Timed out receiving message from renderer: 0.071
[1588829974.502][SEVERE]: Timed out receiving message from renderer: 9.190
]]></system-err>
  </testcase>
</testsuite>