<?xml version="1.0" encoding="UTF-8"?>
<!-- Generated by org.testng.reporters.JUnitReportReporter -->
<testsuite hostname="WKWIN6024718" name="publicisSapient.VerifyTitleTest" tests="1" failures="0" timestamp="27 Apr 2020 05:29:06 GMT" time="75.520" errors="0">
  <testcase name="VerifyTitleHeader" time="75.520" classname="publicisSapient.VerifyTitleTest"/>
</testsuite> <!-- publicisSapient.VerifyTitleTest -->
