<?xml version="1.0" encoding="UTF-8"?>
<!-- Generated by org.testng.reporters.JUnitReportReporter -->
<testsuite hostname="WKWIN6024718" name="publicisSapient.testScripts.HomePageTest" tests="2" failures="0" timestamp="5 May 2020 06:08:07 GMT" time="147.316" errors="0">
  <testcase name="verifyLogin" time="79.970" classname="publicisSapient.testScripts.HomePageTest"/>
  <testcase name="verifyLogin" time="67.346" classname="publicisSapient.testScripts.HomePageTest"/>
</testsuite> <!-- publicisSapient.testScripts.HomePageTest -->
