<?xml version="1.0" encoding="UTF-8"?>
<!-- Generated by org.testng.reporters.JUnitReportReporter -->
<testsuite hostname="WKWIN6024718" name="publicisSapient.HomePageTest" tests="2" failures="0" timestamp="3 May 2020 04:51:48 GMT" time="81.274" errors="0">
  <testcase name="verifyLogin" time="27.202" classname="publicisSapient.HomePageTest"/>
  <testcase name="verifyLogin" time="54.072" classname="publicisSapient.HomePageTest"/>
</testsuite> <!-- publicisSapient.HomePageTest -->
