<?xml version="1.0" encoding="UTF-8"?>
<!-- Generated by org.testng.reporters.JUnitReportReporter -->
<testsuite hostname="WKWIN6024718" name="publicisSapient.HomePageTest" tests="2" failures="0" timestamp="27 Apr 2020 05:29:06 GMT" time="129.822" errors="0">
  <testcase name="verifyLogin" time="65.085" classname="publicisSapient.HomePageTest"/>
  <testcase name="verifyLogin" time="64.737" classname="publicisSapient.HomePageTest"/>
</testsuite> <!-- publicisSapient.HomePageTest -->
