<?xml version="1.0" encoding="UTF-8"?>
<!-- Generated by org.testng.reporters.JUnitReportReporter -->
<testsuite hostname="WKWIN6024718" name="publicisSapient.VerifyTitleTest" tests="1" failures="0" timestamp="3 May 2020 07:01:03 GMT" time="93.957" errors="0">
  <testcase name="VerifyTitleHeader" time="93.957" classname="publicisSapient.VerifyTitleTest"/>
</testsuite> <!-- publicisSapient.VerifyTitleTest -->
