<?xml version="1.0" encoding="UTF-8"?>
<!-- Generated by org.testng.reporters.JUnitReportReporter -->
<testsuite hostname="WKWIN6024718" name="publicisSapient.HomePageTest" tests="2" failures="0" timestamp="29 Apr 2020 12:12:31 GMT" time="298.454" errors="0">
  <testcase name="verifyLogin" time="142.259" classname="publicisSapient.HomePageTest"/>
  <testcase name="verifyLogin" time="156.195" classname="publicisSapient.HomePageTest"/>
</testsuite> <!-- publicisSapient.HomePageTest -->
