<?xml version="1.0" encoding="UTF-8"?>
<!-- Generated by org.testng.reporters.JUnitReportReporter -->
<testsuite hostname="WKWIN6024718" name="publicisSapient.HomePageTest" tests="2" failures="0" timestamp="24 Apr 2020 05:05:16 GMT" time="88.695" errors="0">
  <testcase name="verifyLogin" time="40.796" classname="publicisSapient.HomePageTest"/>
  <testcase name="verifyLogin" time="47.899" classname="publicisSapient.HomePageTest"/>
</testsuite> <!-- publicisSapient.HomePageTest -->
