<?xml version="1.0" encoding="UTF-8"?>
<!-- Generated by org.testng.reporters.JUnitReportReporter -->
<testsuite hostname="WKWIN6024718" name="publicisSapient.testScripts.VerifyNavBarPresentTest" tests="1" failures="0" timestamp="7 May 2020 05:55:12 GMT" time="35.723" errors="0">
  <testcase name="verifyNavBarIsPresent" time="35.723" classname="publicisSapient.testScripts.VerifyNavBarPresentTest"/>
</testsuite> <!-- publicisSapient.testScripts.VerifyNavBarPresentTest -->
