<?xml version="1.0" encoding="UTF-8"?>
<!-- Generated by org.testng.reporters.JUnitReportReporter -->
<testsuite hostname="WKWIN6024718" name="publicisSapient.testScripts.VerifyTitleTest" tests="1" failures="0" timestamp="5 May 2020 06:58:43 GMT" time="106.154" errors="0">
  <testcase name="VerifyTitleHeader" time="106.154" classname="publicisSapient.testScripts.VerifyTitleTest"/>
</testsuite> <!-- publicisSapient.testScripts.VerifyTitleTest -->
