<?xml version="1.0" encoding="UTF-8"?>
<!-- Generated by org.testng.reporters.JUnitReportReporter -->
<testsuite hostname="WKWIN6024718" name="publicisSapient.verifyNavBarPresent" tests="1" failures="0" timestamp="22 Apr 2020 15:15:16 GMT" time="0.461" errors="0">
  <testcase name="basePageNavigation" time="0.461" classname="publicisSapient.verifyNavBarPresent"/>
</testsuite> <!-- publicisSapient.verifyNavBarPresent -->
