<?xml version="1.0" encoding="UTF-8"?>
<!-- Generated by org.testng.reporters.JUnitReportReporter -->
<testsuite hostname="WKWIN6024718" name="publicisSapient.testScripts.VerifyNavBarPresentTest" tests="1" failures="0" timestamp="21 May 2020 05:49:39 GMT" time="61.654" errors="0">
  <testcase name="verifyNavBarIsPresent" time="61.654" classname="publicisSapient.testScripts.VerifyNavBarPresentTest"/>
</testsuite> <!-- publicisSapient.testScripts.VerifyNavBarPresentTest -->
