<?xml version="1.0" encoding="UTF-8"?>
<!-- Generated by org.testng.reporters.JUnitReportReporter -->
<testsuite hostname="WKWIN6024718" name="publicisSapient.HomePageTest" tests="2" failures="0" timestamp="3 May 2020 07:01:03 GMT" time="120.959" errors="0">
  <testcase name="verifyLogin" time="52.076" classname="publicisSapient.HomePageTest"/>
  <testcase name="verifyLogin" time="68.883" classname="publicisSapient.HomePageTest"/>
</testsuite> <!-- publicisSapient.HomePageTest -->
