<?xml version="1.0" encoding="UTF-8"?>
<!-- Generated by org.testng.reporters.JUnitReportReporter -->
<testsuite hostname="WKWIN6024718" name="publicisSapient.verifyTitle" tests="1" failures="0" timestamp="22 Apr 2020 15:15:16 GMT" time="10.761" errors="0">
  <testcase name="basePageNavigation" time="10.761" classname="publicisSapient.verifyTitle"/>
</testsuite> <!-- publicisSapient.verifyTitle -->
