<?xml version="1.0" encoding="UTF-8"?>
<!-- Generated by org.testng.reporters.JUnitReportReporter -->
<testsuite hostname="WKWIN6024718" name="publicisSapient.VerifyNavBarPresentTest" tests="1" failures="0" timestamp="29 Apr 2020 12:12:30 GMT" time="103.624" errors="0">
  <testcase name="verifyNavBarIsPresent" time="103.624" classname="publicisSapient.VerifyNavBarPresentTest"/>
</testsuite> <!-- publicisSapient.VerifyNavBarPresentTest -->
