<?xml version="1.0" encoding="UTF-8"?>
<!-- Generated by org.testng.reporters.JUnitReportReporter -->
<testsuite hostname="WKWIN6024718" name="publicisSapient.testScripts.VerifyNavBarPresentTest" tests="1" failures="0" timestamp="5 May 2020 06:58:43 GMT" time="45.151" errors="0">
  <testcase name="verifyNavBarIsPresent" time="45.151" classname="publicisSapient.testScripts.VerifyNavBarPresentTest"/>
</testsuite> <!-- publicisSapient.testScripts.VerifyNavBarPresentTest -->
