<?xml version="1.0" encoding="UTF-8"?>
<!-- Generated by org.testng.reporters.JUnitReportReporter -->
<testsuite hostname="WKWIN6024718" name="publicisSapient.HomePageTest" tests="2" failures="0" timestamp="27 Apr 2020 05:36:11 GMT" time="138.445" errors="0">
  <testcase name="verifyLogin" time="69.591" classname="publicisSapient.HomePageTest"/>
  <testcase name="verifyLogin" time="68.854" classname="publicisSapient.HomePageTest"/>
</testsuite> <!-- publicisSapient.HomePageTest -->
