<?xml version="1.0" encoding="UTF-8"?>
<!-- Generated by org.testng.reporters.JUnitReportReporter -->
<testsuite hostname="WKWIN6024718" name="publicisSapient.VerifyNavBarPresentTest" tests="1" failures="0" timestamp="27 Apr 2020 05:36:11 GMT" time="52.749" errors="0">
  <testcase name="verifyNavBarIsPresent" time="52.749" classname="publicisSapient.VerifyNavBarPresentTest"/>
</testsuite> <!-- publicisSapient.VerifyNavBarPresentTest -->
