<?xml version="1.0" encoding="UTF-8"?>
<!-- Generated by org.testng.reporters.JUnitReportReporter -->
<testsuite hostname="WKWIN6024718" name="publicisSapient.testScripts.VerifyNavBarPresentTest" tests="1" failures="0" timestamp="5 May 2020 07:26:48 GMT" time="25.333" errors="0">
  <testcase name="verifyNavBarIsPresent" time="25.333" classname="publicisSapient.testScripts.VerifyNavBarPresentTest"/>
</testsuite> <!-- publicisSapient.testScripts.VerifyNavBarPresentTest -->
