<?xml version="1.0" encoding="UTF-8"?>
<!-- Generated by org.testng.reporters.JUnitReportReporter -->
<testsuite hostname="WKWIN6024718" name="publicisSapient.HomePageTest" tests="2" failures="0" timestamp="3 May 2020 05:21:37 GMT" time="77.861" errors="0">
  <testcase name="verifyLogin" time="53.418" classname="publicisSapient.HomePageTest"/>
  <testcase name="verifyLogin" time="24.443" classname="publicisSapient.HomePageTest"/>
</testsuite> <!-- publicisSapient.HomePageTest -->
