<?xml version="1.0" encoding="UTF-8"?>
<!-- Generated by org.testng.reporters.JUnitReportReporter -->
<testsuite hostname="WKWIN6024718" name="publicisSapient.VerifyNavBarPresentTest" tests="1" failures="0" timestamp="24 Apr 2020 11:57:38 GMT" time="29.440" errors="0">
  <testcase name="verifyNavBarIsPresent" time="29.440" classname="publicisSapient.VerifyNavBarPresentTest"/>
</testsuite> <!-- publicisSapient.VerifyNavBarPresentTest -->
