<?xml version="1.0" encoding="UTF-8"?>
<!-- Generated by org.testng.reporters.JUnitReportReporter -->
<testsuite hostname="WKWIN6024718" name="publicisSapient.testScripts.HomePageTest" tests="2" failures="0" timestamp="8 May 2020 05:22:12 GMT" time="63.787" errors="0">
  <testcase name="verifyLogin" time="24.025" classname="publicisSapient.testScripts.HomePageTest"/>
  <testcase name="verifyLogin" time="39.762" classname="publicisSapient.testScripts.HomePageTest"/>
</testsuite> <!-- publicisSapient.testScripts.HomePageTest -->
