<?xml version="1.0" encoding="UTF-8"?>
<!-- Generated by org.testng.reporters.JUnitReportReporter -->
<testsuite hostname="WKWIN6024718" name="publicisSapient.HomePageTest" tests="2" failures="0" timestamp="29 Apr 2020 12:52:30 GMT" time="109.754" errors="0">
  <testcase name="verifyLogin" time="57.453" classname="publicisSapient.HomePageTest"/>
  <testcase name="verifyLogin" time="52.301" classname="publicisSapient.HomePageTest"/>
</testsuite> <!-- publicisSapient.HomePageTest -->
