<?xml version="1.0" encoding="UTF-8"?>
<!-- Generated by org.testng.reporters.JUnitReportReporter -->
<testsuite hostname="WKWIN6024718" name="publicisSapient.testScripts.HomePageTest" tests="2" failures="0" timestamp="21 May 2020 13:19:19 GMT" time="63.843" errors="0">
  <testcase name="verifyLogin" time="23.073" classname="publicisSapient.testScripts.HomePageTest"/>
  <testcase name="verifyLogin" time="40.770" classname="publicisSapient.testScripts.HomePageTest"/>
</testsuite> <!-- publicisSapient.testScripts.HomePageTest -->
