<?xml version="1.0" encoding="UTF-8"?>
<!-- Generated by org.testng.reporters.JUnitReportReporter -->
<testsuite hostname="WKWIN6024718" name="publicisSapient.VerifyNavBarPresentTest" tests="1" failures="0" timestamp="29 Apr 2020 12:52:30 GMT" time="39.084" errors="0">
  <testcase name="verifyNavBarIsPresent" time="39.084" classname="publicisSapient.VerifyNavBarPresentTest"/>
</testsuite> <!-- publicisSapient.VerifyNavBarPresentTest -->
