<?xml version="1.0" encoding="UTF-8"?>
<!-- Generated by org.testng.reporters.JUnitReportReporter -->
<testsuite hostname="WKWIN6024718" name="publicisSapient.VerifyNavBarPresentTest" tests="1" failures="0" timestamp="3 May 2020 05:21:37 GMT" time="9.199" errors="0">
  <testcase name="verifyNavBarIsPresent" time="9.199" classname="publicisSapient.VerifyNavBarPresentTest"/>
</testsuite> <!-- publicisSapient.VerifyNavBarPresentTest -->
